This is XeTeX, Version 3.141592653-2.6-0.999996 (TeX Live 2024) (preloaded format=xelatex 2024.10.9)  17 JUN 2025 10:02
entering extended mode
 restricted \write18 enabled.
 file:line:error style messages enabled.
 %&-line parsing enabled.
**/Users/xutongkai/Downloads/ml/TempExample.tex
(/Users/xutongkai/Downloads/ml/TempExample.tex
LaTeX2e <2023-11-01> patch level 1
L3 programming layer <2024-02-20>
(./thuemp.cls (/usr/local/texlive/2024/texmf-dist/tex/latex/ctex/ctexart.cls (/usr/local/texlive/2024/texmf-dist/tex/latex/ctex/config/ctexbackend.cfg
File: ctexbackend.cfg 2022/07/14 v2.5.10 Backend configuration file (CTEX)
) (/usr/local/texlive/2024/texmf-dist/tex/latex/l3kernel/expl3.sty
Package: expl3 2024-02-20 L3 programming layer (loader) 
 (/usr/local/texlive/2024/texmf-dist/tex/latex/l3backend/l3backend-xetex.def
File: l3backend-xetex.def 2024-02-20 L3 backend support: XeTeX
\g__graphics_track_int=\count184
\l__pdf_internal_box=\box51
\g__pdf_backend_object_int=\count185
\g__pdf_backend_annotation_int=\count186
\g__pdf_backend_link_int=\count187
))
Document Class: ctexart 2022/07/14 v2.5.10 Chinese adapter for class article (CTEX)
(/usr/local/texlive/2024/texmf-dist/tex/latex/ctex/ctexhook.sty
Package: ctexhook 2022/07/14 v2.5.10 Document and package hooks (CTEX)
) (/usr/local/texlive/2024/texmf-dist/tex/latex/ctex/ctexpatch.sty
Package: ctexpatch 2022/07/14 v2.5.10 Patching commands (CTEX)
) (/usr/local/texlive/2024/texmf-dist/tex/latex/base/fix-cm.sty
Package: fix-cm 2020/11/24 v1.1t fixes to LaTeX
 (/usr/local/texlive/2024/texmf-dist/tex/latex/base/ts1enc.def
File: ts1enc.def 2001/06/05 v3.0e (jk/car/fm) Standard LaTeX file
LaTeX Font Info:    Redeclaring font encoding TS1 on input line 47.
))
\l__ctex_tmp_int=\count188
\l__ctex_tmp_box=\box52
\l__ctex_tmp_dim=\dimen140
\g__ctex_section_depth_int=\count189
\g__ctex_font_size_int=\count190
 (/usr/local/texlive/2024/texmf-dist/tex/latex/ctex/config/ctexopts.cfg
File: ctexopts.cfg 2022/07/14 v2.5.10 Option configuration file (CTEX)
) (/usr/local/texlive/2024/texmf-dist/tex/latex/base/article.cls
Document Class: article 2023/05/17 v1.4n Standard LaTeX document class
(/usr/local/texlive/2024/texmf-dist/tex/latex/base/size10.clo
File: size10.clo 2023/05/17 v1.4n Standard LaTeX file (size option)
)
\c@part=\count191
\c@section=\count192
\c@subsection=\count193
\c@subsubsection=\count194
\c@paragraph=\count195
\c@subparagraph=\count196
\c@figure=\count197
\c@table=\count198
\abovecaptionskip=\skip48
\belowcaptionskip=\skip49
\bibindent=\dimen141
) (/usr/local/texlive/2024/texmf-dist/tex/latex/ctex/engine/ctex-engine-xetex.def
File: ctex-engine-xetex.def 2022/07/14 v2.5.10 XeLaTeX adapter (CTEX)
 (/usr/local/texlive/2024/texmf-dist/tex/xelatex/xecjk/xeCJK.sty
Package: xeCJK 2022/08/05 v3.9.1 Typesetting CJK scripts with XeLaTeX
 (/usr/local/texlive/2024/texmf-dist/tex/latex/l3packages/xtemplate/xtemplate.sty (/usr/local/texlive/2024/texmf-dist/tex/latex/l3packages/xtemplate/xtemplate-2023-10-10.sty
Package: xtemplate 2023-10-10 L3 Experimental prototype document functions
\l__xtemplate_tmp_dim=\dimen142
\l__xtemplate_tmp_int=\count199
\l__xtemplate_tmp_muskip=\muskip16
\l__xtemplate_tmp_skip=\skip50
))
\l__xeCJK_tmp_int=\count266
\l__xeCJK_tmp_box=\box53
\l__xeCJK_tmp_dim=\dimen143
\l__xeCJK_tmp_skip=\skip51
\g__xeCJK_space_factor_int=\count267
\l__xeCJK_begin_int=\count268
\l__xeCJK_end_int=\count269
\c__xeCJK_CJK_class_int=\XeTeXcharclass1
\c__xeCJK_FullLeft_class_int=\XeTeXcharclass2
\c__xeCJK_FullRight_class_int=\XeTeXcharclass3
\c__xeCJK_HalfLeft_class_int=\XeTeXcharclass4
\c__xeCJK_HalfRight_class_int=\XeTeXcharclass5
\c__xeCJK_NormalSpace_class_int=\XeTeXcharclass6
\c__xeCJK_CM_class_int=\XeTeXcharclass7
\c__xeCJK_HangulJamo_class_int=\XeTeXcharclass8
\l__xeCJK_last_skip=\skip52
\c__xeCJK_none_node=\count270
\g__xeCJK_node_int=\count271
\c__xeCJK_CJK_node_dim=\dimen144
\c__xeCJK_CJK-space_node_dim=\dimen145
\c__xeCJK_default_node_dim=\dimen146
\c__xeCJK_CJK-widow_node_dim=\dimen147
\c__xeCJK_normalspace_node_dim=\dimen148
\c__xeCJK_default-space_node_skip=\skip53
\l__xeCJK_ccglue_skip=\skip54
\l__xeCJK_ecglue_skip=\skip55
\l__xeCJK_punct_kern_skip=\skip56
\l__xeCJK_indent_box=\box54
\l__xeCJK_last_penalty_int=\count272
\l__xeCJK_last_bound_dim=\dimen149
\l__xeCJK_last_kern_dim=\dimen150
\l__xeCJK_widow_penalty_int=\count273

Package xtemplate Info: Declaring object type 'xeCJK/punctuation' taking 0
(xtemplate)             argument(s) on line 2396.

\l__xeCJK_fixed_punct_width_dim=\dimen151
\l__xeCJK_mixed_punct_width_dim=\dimen152
\l__xeCJK_middle_punct_width_dim=\dimen153
\l__xeCJK_fixed_margin_width_dim=\dimen154
\l__xeCJK_mixed_margin_width_dim=\dimen155
\l__xeCJK_middle_margin_width_dim=\dimen156
\l__xeCJK_bound_punct_width_dim=\dimen157
\l__xeCJK_bound_margin_width_dim=\dimen158
\l__xeCJK_margin_minimum_dim=\dimen159
\l__xeCJK_kerning_total_width_dim=\dimen160
\l__xeCJK_same_align_margin_dim=\dimen161
\l__xeCJK_different_align_margin_dim=\dimen162
\l__xeCJK_kerning_margin_width_dim=\dimen163
\l__xeCJK_kerning_margin_minimum_dim=\dimen164
\l__xeCJK_bound_dim=\dimen165
\l__xeCJK_reverse_bound_dim=\dimen166
\l__xeCJK_margin_dim=\dimen167
\l__xeCJK_minimum_bound_dim=\dimen168
\l__xeCJK_kerning_margin_dim=\dimen169
\g__xeCJK_family_int=\count274
\l__xeCJK_fam_int=\count275
\g__xeCJK_fam_allocation_int=\count276
\l__xeCJK_verb_case_int=\count277
\l__xeCJK_verb_exspace_skip=\skip57
 (/usr/local/texlive/2024/texmf-dist/tex/latex/fontspec/fontspec.sty (/usr/local/texlive/2024/texmf-dist/tex/latex/l3packages/xparse/xparse.sty
Package: xparse 2024-02-18 L3 Experimental document command parser
)
Package: fontspec 2024/02/13 v2.9a Font selection for XeLaTeX and LuaLaTeX
 (/usr/local/texlive/2024/texmf-dist/tex/latex/fontspec/fontspec-xetex.sty
Package: fontspec-xetex 2024/02/13 v2.9a Font selection for XeLaTeX and LuaLaTeX
\l__fontspec_script_int=\count278
\l__fontspec_language_int=\count279
\l__fontspec_strnum_int=\count280
\l__fontspec_tmp_int=\count281
\l__fontspec_tmpa_int=\count282
\l__fontspec_tmpb_int=\count283
\l__fontspec_tmpc_int=\count284
\l__fontspec_em_int=\count285
\l__fontspec_emdef_int=\count286
\l__fontspec_strong_int=\count287
\l__fontspec_strongdef_int=\count288
\l__fontspec_tmpa_dim=\dimen170
\l__fontspec_tmpb_dim=\dimen171
\l__fontspec_tmpc_dim=\dimen172
 (/usr/local/texlive/2024/texmf-dist/tex/latex/base/fontenc.sty
Package: fontenc 2021/04/29 v2.0v Standard LaTeX package
) (/usr/local/texlive/2024/texmf-dist/tex/latex/fontspec/fontspec.cfg))) (/usr/local/texlive/2024/texmf-dist/tex/xelatex/xecjk/xeCJK.cfg
File: xeCJK.cfg 2022/08/05 v3.9.1 Configuration file for xeCJK package
))
\ccwd=\dimen173
\l__ctex_ccglue_skip=\skip58
)
\l__ctex_ziju_dim=\dimen174
 (/usr/local/texlive/2024/texmf-dist/tex/latex/zhnumber/zhnumber.sty
Package: zhnumber 2022/07/14 v3.0 Typesetting numbers with Chinese glyphs
\l__zhnum_scale_int=\count289
\l__zhnum_tmp_int=\count290
 (/usr/local/texlive/2024/texmf-dist/tex/latex/zhnumber/zhnumber-utf8.cfg
File: zhnumber-utf8.cfg 2022/07/14 v3.0 Chinese numerals with UTF8 encoding
))
\l__ctex_heading_skip=\skip59
 (/usr/local/texlive/2024/texmf-dist/tex/latex/ctex/scheme/ctex-scheme-chinese-article.def
File: ctex-scheme-chinese-article.def 2022/07/14 v2.5.10 Chinese scheme for article (CTEX)
 (/usr/local/texlive/2024/texmf-dist/tex/latex/ctex/config/ctex-name-utf8.cfg
File: ctex-name-utf8.cfg 2022/07/14 v2.5.10 Caption with encoding UTF-8 (CTEX)
)) (/usr/local/texlive/2024/texmf-dist/tex/latex/ctex/ctex-c5size.clo
File: ctex-c5size.clo 2022/07/14 v2.5.10 c5size option (CTEX)
) (/usr/local/texlive/2024/texmf-dist/tex/latex/ctex/fontset/ctex-fontset-mac.def
File: ctex-fontset-mac.def 2022/07/14 v2.5.10 macOS fonts definition (CTEX)
 (/usr/local/texlive/2024/texmf-dist/tex/latex/ctex/fontset/ctex-fontset-macnew.def
File: ctex-fontset-macnew.def 2022/07/14 v2.5.10 macOS fonts definition for El Capitan or later version (CTEX)


Package fontspec Warning: Font "Songti SC Light" does not contain requested
(fontspec)                Script "CJK".


Package fontspec Info: Font family 'SongtiSCLight(0)' created for font 'Songti
(fontspec)             SC Light' with options
(fontspec)             [Script={CJK},BoldItalicFont={Kaiti SC
(fontspec)             Bold},BoldFont={Songti SC Bold},ItalicFont={Kaiti SC}].
(fontspec)              
(fontspec)              This font family consists of the following NFSS
(fontspec)             series/shapes:
(fontspec)              
(fontspec)             - 'normal' (m/n) with NFSS spec.: <->"Songti SC
(fontspec)             Light/OT:language=dflt;"
(fontspec)             - 'small caps'  (m/sc) with NFSS spec.: 
(fontspec)             - 'bold' (b/n) with NFSS spec.: <->"Songti SC
(fontspec)             Bold/OT:language=dflt;"
(fontspec)             - 'bold small caps'  (b/sc) with NFSS spec.: 
(fontspec)             - 'italic' (m/it) with NFSS spec.: <->"Kaiti
(fontspec)             SC/OT:language=dflt;"
(fontspec)             - 'italic small caps'  (m/scit) with NFSS spec.: 
(fontspec)             - 'bold italic' (b/it) with NFSS spec.: <->"Kaiti SC
(fontspec)             Bold/OT:language=dflt;"
(fontspec)             - 'bold italic small caps'  (b/scit) with NFSS spec.: 

))) (/usr/local/texlive/2024/texmf-dist/tex/latex/ctex/config/ctex.cfg
File: ctex.cfg 2022/07/14 v2.5.10 Configuration file (CTEX)
) (/usr/local/texlive/2024/texmf-dist/tex/latex/hyperref/hyperref.sty
Package: hyperref 2024-01-20 v7.01h Hypertext links for LaTeX
 (/usr/local/texlive/2024/texmf-dist/tex/generic/iftex/iftex.sty
Package: iftex 2022/02/03 v1.0f TeX engine tests
) (/usr/local/texlive/2024/texmf-dist/tex/latex/graphics/keyval.sty
Package: keyval 2022/05/29 v1.15 key=value parser (DPC)
\KV@toks@=\toks17
) (/usr/local/texlive/2024/texmf-dist/tex/latex/kvsetkeys/kvsetkeys.sty
Package: kvsetkeys 2022-10-05 v1.19 Key value parser (HO)
) (/usr/local/texlive/2024/texmf-dist/tex/generic/kvdefinekeys/kvdefinekeys.sty
Package: kvdefinekeys 2019-12-19 v1.6 Define keys (HO)
) (/usr/local/texlive/2024/texmf-dist/tex/generic/pdfescape/pdfescape.sty
Package: pdfescape 2019/12/09 v1.15 Implements pdfTeX's escape features (HO)
 (/usr/local/texlive/2024/texmf-dist/tex/generic/ltxcmds/ltxcmds.sty
Package: ltxcmds 2023-12-04 v1.26 LaTeX kernel commands for general use (HO)
) (/usr/local/texlive/2024/texmf-dist/tex/generic/pdftexcmds/pdftexcmds.sty
Package: pdftexcmds 2020-06-27 v0.33 Utility functions of pdfTeX for LuaTeX (HO)
 (/usr/local/texlive/2024/texmf-dist/tex/generic/infwarerr/infwarerr.sty
Package: infwarerr 2019/12/03 v1.5 Providing info/warning/error messages (HO)
)
Package pdftexcmds Info: \pdf@primitive is available.
Package pdftexcmds Info: \pdf@ifprimitive is available.
Package pdftexcmds Info: \pdfdraftmode not found.
)) (/usr/local/texlive/2024/texmf-dist/tex/latex/hycolor/hycolor.sty
Package: hycolor 2020-01-27 v1.10 Color options for hyperref/bookmark (HO)
) (/usr/local/texlive/2024/texmf-dist/tex/latex/auxhook/auxhook.sty
Package: auxhook 2019-12-17 v1.6 Hooks for auxiliary files (HO)
) (/usr/local/texlive/2024/texmf-dist/tex/latex/hyperref/nameref.sty
Package: nameref 2023-11-26 v2.56 Cross-referencing by name of section
 (/usr/local/texlive/2024/texmf-dist/tex/latex/refcount/refcount.sty
Package: refcount 2019/12/15 v3.6 Data extraction from label references (HO)
) (/usr/local/texlive/2024/texmf-dist/tex/generic/gettitlestring/gettitlestring.sty
Package: gettitlestring 2019/12/15 v1.6 Cleanup title references (HO)
 (/usr/local/texlive/2024/texmf-dist/tex/latex/kvoptions/kvoptions.sty
Package: kvoptions 2022-06-15 v3.15 Key value format for package options (HO)
))
\c@section@level=\count291
) (/usr/local/texlive/2024/texmf-dist/tex/latex/etoolbox/etoolbox.sty
Package: etoolbox 2020/10/05 v2.5k e-TeX tools for LaTeX (JAW)
\etb@tempcnta=\count292
)
\@linkdim=\dimen175
\Hy@linkcounter=\count293
\Hy@pagecounter=\count294
 (/usr/local/texlive/2024/texmf-dist/tex/latex/hyperref/pd1enc.def
File: pd1enc.def 2024-01-20 v7.01h Hyperref: PDFDocEncoding definition (HO)
) (/usr/local/texlive/2024/texmf-dist/tex/generic/intcalc/intcalc.sty
Package: intcalc 2019/12/15 v1.3 Expandable calculations with integers (HO)
)
\Hy@SavedSpaceFactor=\count295
 (/usr/local/texlive/2024/texmf-dist/tex/latex/hyperref/puenc.def
File: puenc.def 2024-01-20 v7.01h Hyperref: PDF Unicode definition (HO)
)
Package hyperref Info: Option `unicode' set `true' on input line 4062.
Package hyperref Info: Hyper figures OFF on input line 4179.
Package hyperref Info: Link nesting OFF on input line 4184.
Package hyperref Info: Hyper index ON on input line 4187.
Package hyperref Info: Plain pages OFF on input line 4194.
Package hyperref Info: Backreferencing ON on input line 4197.
Package hyperref Info: Implicit mode ON; LaTeX internals redefined.
Package hyperref Info: Bookmarks ON on input line 4446.
 (/usr/local/texlive/2024/texmf-dist/tex/latex/hyperref/backref.sty
Package: backref 2023-11-26 v1.44 Bibliographical back referencing
 (/usr/local/texlive/2024/texmf-dist/tex/latex/rerunfilecheck/rerunfilecheck.sty
Package: rerunfilecheck 2022-07-10 v1.10 Rerun checks for auxiliary files (HO)
 (/usr/local/texlive/2024/texmf-dist/tex/latex/base/atveryend-ltx.sty
Package: atveryend-ltx 2020/08/19 v1.0a Emulation of the original atveryend package
with kernel methods
) (/usr/local/texlive/2024/texmf-dist/tex/generic/uniquecounter/uniquecounter.sty
Package: uniquecounter 2019/12/15 v1.4 Provide unlimited unique counter (HO)
 (/usr/local/texlive/2024/texmf-dist/tex/generic/bigintcalc/bigintcalc.sty
Package: bigintcalc 2019/12/15 v1.5 Expandable calculations on big integers (HO)
))
Package uniquecounter Info: New unique counter `rerunfilecheck' on input line 285.
))
\c@Hy@tempcnt=\count296
 (/usr/local/texlive/2024/texmf-dist/tex/latex/url/url.sty
\Urlmuskip=\muskip17
Package: url 2013/09/16  ver 3.4  Verb mode for urls, etc.
)
LaTeX Info: Redefining \url on input line 4784.
\XeTeXLinkMargin=\dimen176
 (/usr/local/texlive/2024/texmf-dist/tex/generic/bitset/bitset.sty
Package: bitset 2019/12/09 v1.3 Handle bit-vector datatype (HO)
)
\Fld@menulength=\count297
\Field@Width=\dimen177
\Fld@charsize=\dimen178
Package hyperref Info: Hyper figures OFF on input line 6063.
Package hyperref Info: Link nesting OFF on input line 6068.
Package hyperref Info: Hyper index ON on input line 6071.
Package hyperref Info: backreferencing ON on input line 6076.
Package hyperref Info: Link coloring OFF on input line 6083.
Package hyperref Info: Link coloring with OCG OFF on input line 6088.
Package hyperref Info: PDF/A mode OFF on input line 6093.
 (/usr/local/texlive/2024/texmf-dist/tex/latex/base/atbegshi-ltx.sty
Package: atbegshi-ltx 2021/01/10 v1.0c Emulation of the original atbegshi
package with kernel methods
)
\Hy@abspage=\count298
\c@Item=\count299
\c@Hfootnote=\count300
)
Package hyperref Info: Driver (autodetected): hxetex.
 (/usr/local/texlive/2024/texmf-dist/tex/latex/hyperref/hxetex.def
File: hxetex.def 2024-01-20 v7.01h Hyperref driver for XeTeX
 (/usr/local/texlive/2024/texmf-dist/tex/generic/stringenc/stringenc.sty
Package: stringenc 2019/11/29 v1.12 Convert strings between diff. encodings (HO)
)
\pdfm@box=\box55
\c@Hy@AnnotLevel=\count301
\HyField@AnnotCount=\count302
\Fld@listcount=\count303
\c@bookmark@seq@number=\count304
\Hy@SectionHShift=\skip60
) (/usr/local/texlive/2024/texmf-dist/tex/latex/fancyhdr/fancyhdr.sty
Package: fancyhdr 2022/11/09 v4.1 Extensive control of page headers and footers
\f@nch@headwidth=\skip61
\f@nch@O@elh=\skip62
\f@nch@O@erh=\skip63
\f@nch@O@olh=\skip64
\f@nch@O@orh=\skip65
\f@nch@O@elf=\skip66
\f@nch@O@erf=\skip67
\f@nch@O@olf=\skip68
\f@nch@O@orf=\skip69
) (/usr/local/texlive/2024/texmf-dist/tex/latex/amsmath/amsmath.sty
Package: amsmath 2023/05/13 v2.17o AMS math features
\@mathmargin=\skip70

For additional information on amsmath, use the `?' option.
(/usr/local/texlive/2024/texmf-dist/tex/latex/amsmath/amstext.sty
Package: amstext 2021/08/26 v2.01 AMS text
 (/usr/local/texlive/2024/texmf-dist/tex/latex/amsmath/amsgen.sty
File: amsgen.sty 1999/11/30 v2.0 generic functions
\@emptytoks=\toks18
\ex@=\dimen179
)) (/usr/local/texlive/2024/texmf-dist/tex/latex/amsmath/amsbsy.sty
Package: amsbsy 1999/11/29 v1.2d Bold Symbols
\pmbraise@=\dimen180
) (/usr/local/texlive/2024/texmf-dist/tex/latex/amsmath/amsopn.sty
Package: amsopn 2022/04/08 v2.04 operator names
)
\inf@bad=\count305
LaTeX Info: Redefining \frac on input line 234.
\uproot@=\count306
\leftroot@=\count307
LaTeX Info: Redefining \overline on input line 399.
LaTeX Info: Redefining \colon on input line 410.
\classnum@=\count308
\DOTSCASE@=\count309
LaTeX Info: Redefining \ldots on input line 496.
LaTeX Info: Redefining \dots on input line 499.
LaTeX Info: Redefining \cdots on input line 620.
\Mathstrutbox@=\box56
\strutbox@=\box57
LaTeX Info: Redefining \big on input line 722.
LaTeX Info: Redefining \Big on input line 723.
LaTeX Info: Redefining \bigg on input line 724.
LaTeX Info: Redefining \Bigg on input line 725.
\big@size=\dimen181
LaTeX Font Info:    Redeclaring font encoding OML on input line 743.
LaTeX Font Info:    Redeclaring font encoding OMS on input line 744.
\macc@depth=\count310
LaTeX Info: Redefining \bmod on input line 905.
LaTeX Info: Redefining \pmod on input line 910.
LaTeX Info: Redefining \smash on input line 940.
LaTeX Info: Redefining \relbar on input line 970.
LaTeX Info: Redefining \Relbar on input line 971.
\c@MaxMatrixCols=\count311
\dotsspace@=\muskip18
\c@parentequation=\count312
\dspbrk@lvl=\count313
\tag@help=\toks19
\row@=\count314
\column@=\count315
\maxfields@=\count316
\andhelp@=\toks20
\eqnshift@=\dimen182
\alignsep@=\dimen183
\tagshift@=\dimen184
\tagwidth@=\dimen185
\totwidth@=\dimen186
\lineht@=\dimen187
\@envbody=\toks21
\multlinegap=\skip71
\multlinetaggap=\skip72
\mathdisplay@stack=\toks22
LaTeX Info: Redefining \[ on input line 2953.
LaTeX Info: Redefining \] on input line 2954.
) (/usr/local/texlive/2024/texmf-dist/tex/latex/amsfonts/amsfonts.sty
Package: amsfonts 2013/01/14 v3.01 Basic AMSFonts support
\symAMSa=\mathgroup4
\symAMSb=\mathgroup5
LaTeX Font Info:    Redeclaring math symbol \hbar on input line 98.
LaTeX Font Info:    Overwriting math alphabet `\mathfrak' in version `bold'
(Font)                  U/euf/m/n --> U/euf/b/n on input line 106.
) (/usr/local/texlive/2024/texmf-dist/tex/latex/amsfonts/amssymb.sty
Package: amssymb 2013/01/14 v3.01 AMS font symbols
) (/usr/local/texlive/2024/texmf-dist/tex/latex/graphics/graphicx.sty
Package: graphicx 2021/09/16 v1.2d Enhanced LaTeX Graphics (DPC,SPQR)
 (/usr/local/texlive/2024/texmf-dist/tex/latex/graphics/graphics.sty
Package: graphics 2022/03/10 v1.4e Standard LaTeX Graphics (DPC,SPQR)
 (/usr/local/texlive/2024/texmf-dist/tex/latex/graphics/trig.sty
Package: trig 2021/08/11 v1.11 sin cos tan (DPC)
) (/usr/local/texlive/2024/texmf-dist/tex/latex/graphics-cfg/graphics.cfg
File: graphics.cfg 2016/06/04 v1.11 sample graphics configuration
)
Package graphics Info: Driver file: xetex.def on input line 107.
 (/usr/local/texlive/2024/texmf-dist/tex/latex/graphics-def/xetex.def
File: xetex.def 2022/09/22 v5.0n Graphics/color driver for xetex
))
\Gin@req@height=\dimen188
\Gin@req@width=\dimen189
) (/usr/local/texlive/2024/texmf-dist/tex/latex/caption/caption.sty
Package: caption 2023/08/05 v3.6o Customizing captions (AR)
 (/usr/local/texlive/2024/texmf-dist/tex/latex/caption/caption3.sty
Package: caption3 2023/07/31 v2.4d caption3 kernel (AR)
\caption@tempdima=\dimen190
\captionmargin=\dimen191
\caption@leftmargin=\dimen192
\caption@rightmargin=\dimen193
\caption@width=\dimen194
\caption@indent=\dimen195
\caption@parindent=\dimen196
\caption@hangindent=\dimen197
Package caption Info: Standard document class detected.
)
\c@caption@flags=\count317
\c@continuedfloat=\count318
Package caption Info: hyperref package is loaded.
) (/usr/local/texlive/2024/texmf-dist/tex/latex/caption/subcaption.sty
Package: subcaption 2023/07/28 v1.6b Sub-captions (AR)
Package caption Info: New subtype `subfigure' on input line 238.
\c@subfigure=\count319
Package caption Info: New subtype `subtable' on input line 238.
\c@subtable=\count320
) (/usr/local/texlive/2024/texmf-dist/tex/latex/tools/indentfirst.sty
Package: indentfirst 2023/07/02 v1.03 Indent first paragraph (DPC)
) (/usr/local/texlive/2024/texmf-dist/tex/latex/tools/bm.sty
Package: bm 2023/07/08 v1.2f Bold Symbol Support (DPC/FMi)
\symboldoperators=\mathgroup6
\symboldletters=\mathgroup7
\symboldsymbols=\mathgroup8
Package bm Info: No bold for \OMX/cmex/m/n, using \pmb.
Package bm Info: No bold for \U/msa/m/n, using \pmb.
Package bm Info: No bold for \U/msb/m/n, using \pmb.
LaTeX Font Info:    Redeclaring math alphabet \mathbf on input line 149.
) (/usr/local/texlive/2024/texmf-dist/tex/latex/abstract/abstract.sty
Package: abstract 2009/06/08 v1.2a configurable abstracts
\abstitleskip=\skip73
\absleftindent=\skip74
\absrightindent=\skip75
\absparindent=\skip76
\absparsep=\skip77
) (/usr/local/texlive/2024/texmf-dist/tex/latex/amscls/amsthm.sty
Package: amsthm 2020/05/29 v2.20.6
\thm@style=\toks23
\thm@bodyfont=\toks24
\thm@headfont=\toks25
\thm@notefont=\toks26
\thm@headpunct=\toks27
\thm@preskip=\skip78
\thm@postskip=\skip79
\thm@headsep=\skip80
\dth@everypar=\toks28
) (/usr/local/texlive/2024/texmf-dist/tex/latex/booktabs/booktabs.sty
Package: booktabs 2020/01/12 v1.61803398 Publication quality tables
\heavyrulewidth=\dimen198
\lightrulewidth=\dimen199
\cmidrulewidth=\dimen256
\belowrulesep=\dimen257
\belowbottomsep=\dimen258
\aboverulesep=\dimen259
\abovetopsep=\dimen260
\cmidrulesep=\dimen261
\cmidrulekern=\dimen262
\defaultaddspace=\dimen263
\@cmidla=\count321
\@cmidlb=\count322
\@aboverulesep=\dimen264
\@belowrulesep=\dimen265
\@thisruleclass=\count323
\@lastruleclass=\count324
\@thisrulewidth=\dimen266
) (/usr/local/texlive/2024/texmf-dist/tex/latex/siunitx/siunitx.sty
Package: siunitx 2024-02-15 v3.3.12 A comprehensive (SI) units package
\l__siunitx_number_uncert_offset_int=\count325
\l__siunitx_number_exponent_fixed_int=\count326
\l__siunitx_number_min_decimal_int=\count327
\l__siunitx_number_min_integer_int=\count328
\l__siunitx_number_round_precision_int=\count329
\l__siunitx_number_lower_threshold_int=\count330
\l__siunitx_number_upper_threshold_int=\count331
\l__siunitx_number_group_first_int=\count332
\l__siunitx_number_group_size_int=\count333
\l__siunitx_number_group_minimum_int=\count334
\l__siunitx_angle_tmp_dim=\dimen267
\l__siunitx_angle_marker_box=\box58
\l__siunitx_angle_unit_box=\box59
\l__siunitx_compound_count_int=\count335
 (/usr/local/texlive/2024/texmf-dist/tex/latex/translations/translations.sty
Package: translations 2022/02/05 v1.12 internationalization of LaTeX2e packages (CN)
)
\l__siunitx_table_tmp_box=\box60
\l__siunitx_table_tmp_dim=\dimen268
\l__siunitx_table_column_width_dim=\dimen269
\l__siunitx_table_integer_box=\box61
\l__siunitx_table_decimal_box=\box62
\l__siunitx_table_uncert_box=\box63
\l__siunitx_table_before_box=\box64
\l__siunitx_table_after_box=\box65
\l__siunitx_table_before_dim=\dimen270
\l__siunitx_table_carry_dim=\dimen271
\l__siunitx_unit_tmp_int=\count336
\l__siunitx_unit_position_int=\count337
\l__siunitx_unit_total_int=\count338
 (/usr/local/texlive/2024/texmf-dist/tex/latex/tools/array.sty
Package: array 2023/10/16 v2.5g Tabular extension package (FMi)
\col@sep=\dimen272
\ar@mcellbox=\box66
\extrarowheight=\dimen273
\NC@list=\toks29
\extratabsurround=\skip81
\backup@length=\skip82
\ar@cellbox=\box67
)) (/usr/local/texlive/2024/texmf-dist/tex/latex/pgf/frontendlayer/tikz.sty (/usr/local/texlive/2024/texmf-dist/tex/latex/pgf/basiclayer/pgf.sty (/usr/local/texlive/2024/texmf-dist/tex/latex/pgf/utilities/pgfrcs.sty (/usr/local/texlive/2024/texmf-dist/tex/generic/pgf/utilities/pgfutil-common.tex
\pgfutil@everybye=\toks30
\pgfutil@tempdima=\dimen274
\pgfutil@tempdimb=\dimen275
) (/usr/local/texlive/2024/texmf-dist/tex/generic/pgf/utilities/pgfutil-latex.def
\pgfutil@abb=\box68
) (/usr/local/texlive/2024/texmf-dist/tex/generic/pgf/utilities/pgfrcs.code.tex (/usr/local/texlive/2024/texmf-dist/tex/generic/pgf/pgf.revision.tex)
Package: pgfrcs 2023-01-15 v3.1.10 (3.1.10)
))
Package: pgf 2023-01-15 v3.1.10 (3.1.10)
 (/usr/local/texlive/2024/texmf-dist/tex/latex/pgf/basiclayer/pgfcore.sty (/usr/local/texlive/2024/texmf-dist/tex/latex/pgf/systemlayer/pgfsys.sty (/usr/local/texlive/2024/texmf-dist/tex/generic/pgf/systemlayer/pgfsys.code.tex
Package: pgfsys 2023-01-15 v3.1.10 (3.1.10)
 (/usr/local/texlive/2024/texmf-dist/tex/generic/pgf/utilities/pgfkeys.code.tex
\pgfkeys@pathtoks=\toks31
\pgfkeys@temptoks=\toks32
 (/usr/local/texlive/2024/texmf-dist/tex/generic/pgf/utilities/pgfkeyslibraryfiltered.code.tex
\pgfkeys@tmptoks=\toks33
))
\pgf@x=\dimen276
\pgf@y=\dimen277
\pgf@xa=\dimen278
\pgf@ya=\dimen279
\pgf@xb=\dimen280
\pgf@yb=\dimen281
\pgf@xc=\dimen282
\pgf@yc=\dimen283
\pgf@xd=\dimen284
\pgf@yd=\dimen285
\w@pgf@writea=\write3
\r@pgf@reada=\read2
\c@pgf@counta=\count339
\c@pgf@countb=\count340
\c@pgf@countc=\count341
\c@pgf@countd=\count342
\t@pgf@toka=\toks34
\t@pgf@tokb=\toks35
\t@pgf@tokc=\toks36
\pgf@sys@id@count=\count343
 (/usr/local/texlive/2024/texmf-dist/tex/generic/pgf/systemlayer/pgf.cfg
File: pgf.cfg 2023-01-15 v3.1.10 (3.1.10)
)
Driver file for pgf: pgfsys-xetex.def
 (/usr/local/texlive/2024/texmf-dist/tex/generic/pgf/systemlayer/pgfsys-xetex.def
File: pgfsys-xetex.def 2023-01-15 v3.1.10 (3.1.10)
 (/usr/local/texlive/2024/texmf-dist/tex/generic/pgf/systemlayer/pgfsys-dvipdfmx.def
File: pgfsys-dvipdfmx.def 2023-01-15 v3.1.10 (3.1.10)
 (/usr/local/texlive/2024/texmf-dist/tex/generic/pgf/systemlayer/pgfsys-common-pdf.def
File: pgfsys-common-pdf.def 2023-01-15 v3.1.10 (3.1.10)
)
\pgfsys@objnum=\count344
))) (/usr/local/texlive/2024/texmf-dist/tex/generic/pgf/systemlayer/pgfsyssoftpath.code.tex
File: pgfsyssoftpath.code.tex 2023-01-15 v3.1.10 (3.1.10)
\pgfsyssoftpath@smallbuffer@items=\count345
\pgfsyssoftpath@bigbuffer@items=\count346
) (/usr/local/texlive/2024/texmf-dist/tex/generic/pgf/systemlayer/pgfsysprotocol.code.tex
File: pgfsysprotocol.code.tex 2023-01-15 v3.1.10 (3.1.10)
)) (/usr/local/texlive/2024/texmf-dist/tex/latex/xcolor/xcolor.sty
Package: xcolor 2023/11/15 v3.01 LaTeX color extensions (UK)
 (/usr/local/texlive/2024/texmf-dist/tex/latex/graphics-cfg/color.cfg
File: color.cfg 2016/01/02 v1.6 sample color configuration
)
Package xcolor Info: Driver file: xetex.def on input line 274.
 (/usr/local/texlive/2024/texmf-dist/tex/latex/graphics/mathcolor.ltx)
Package xcolor Info: Model `cmy' substituted by `cmy0' on input line 1350.
Package xcolor Info: Model `RGB' extended on input line 1366.
Package xcolor Info: Model `HTML' substituted by `rgb' on input line 1368.
Package xcolor Info: Model `Hsb' substituted by `hsb' on input line 1369.
Package xcolor Info: Model `tHsb' substituted by `hsb' on input line 1370.
Package xcolor Info: Model `HSB' substituted by `hsb' on input line 1371.
Package xcolor Info: Model `Gray' substituted by `gray' on input line 1372.
Package xcolor Info: Model `wave' substituted by `hsb' on input line 1373.
) (/usr/local/texlive/2024/texmf-dist/tex/generic/pgf/basiclayer/pgfcore.code.tex
Package: pgfcore 2023-01-15 v3.1.10 (3.1.10)
 (/usr/local/texlive/2024/texmf-dist/tex/generic/pgf/math/pgfmath.code.tex (/usr/local/texlive/2024/texmf-dist/tex/generic/pgf/math/pgfmathutil.code.tex) (/usr/local/texlive/2024/texmf-dist/tex/generic/pgf/math/pgfmathparser.code.tex
\pgfmath@dimen=\dimen286
\pgfmath@count=\count347
\pgfmath@box=\box69
\pgfmath@toks=\toks37
\pgfmath@stack@operand=\toks38
\pgfmath@stack@operation=\toks39
) (/usr/local/texlive/2024/texmf-dist/tex/generic/pgf/math/pgfmathfunctions.code.tex) (/usr/local/texlive/2024/texmf-dist/tex/generic/pgf/math/pgfmathfunctions.basic.code.tex) (/usr/local/texlive/2024/texmf-dist/tex/generic/pgf/math/pgfmathfunctions.trigonometric.code.tex) (/usr/local/texlive/2024/texmf-dist/tex/generic/pgf/math/pgfmathfunctions.random.code.tex) (/usr/local/texlive/2024/texmf-dist/tex/generic/pgf/math/pgfmathfunctions.comparison.code.tex) (/usr/local/texlive/2024/texmf-dist/tex/generic/pgf/math/pgfmathfunctions.base.code.tex) (/usr/local/texlive/2024/texmf-dist/tex/generic/pgf/math/pgfmathfunctions.round.code.tex) (/usr/local/texlive/2024/texmf-dist/tex/generic/pgf/math/pgfmathfunctions.misc.code.tex) (/usr/local/texlive/2024/texmf-dist/tex/generic/pgf/math/pgfmathfunctions.integerarithmetics.code.tex) (/usr/local/texlive/2024/texmf-dist/tex/generic/pgf/math/pgfmathcalc.code.tex) (/usr/local/texlive/2024/texmf-dist/tex/generic/pgf/math/pgfmathfloat.code.tex
\c@pgfmathroundto@lastzeros=\count348
)) (/usr/local/texlive/2024/texmf-dist/tex/generic/pgf/math/pgfint.code.tex) (/usr/local/texlive/2024/texmf-dist/tex/generic/pgf/basiclayer/pgfcorepoints.code.tex
File: pgfcorepoints.code.tex 2023-01-15 v3.1.10 (3.1.10)
\pgf@picminx=\dimen287
\pgf@picmaxx=\dimen288
\pgf@picminy=\dimen289
\pgf@picmaxy=\dimen290
\pgf@pathminx=\dimen291
\pgf@pathmaxx=\dimen292
\pgf@pathminy=\dimen293
\pgf@pathmaxy=\dimen294
\pgf@xx=\dimen295
\pgf@xy=\dimen296
\pgf@yx=\dimen297
\pgf@yy=\dimen298
\pgf@zx=\dimen299
\pgf@zy=\dimen300
) (/usr/local/texlive/2024/texmf-dist/tex/generic/pgf/basiclayer/pgfcorepathconstruct.code.tex
File: pgfcorepathconstruct.code.tex 2023-01-15 v3.1.10 (3.1.10)
\pgf@path@lastx=\dimen301
\pgf@path@lasty=\dimen302
) (/usr/local/texlive/2024/texmf-dist/tex/generic/pgf/basiclayer/pgfcorepathusage.code.tex
File: pgfcorepathusage.code.tex 2023-01-15 v3.1.10 (3.1.10)
\pgf@shorten@end@additional=\dimen303
\pgf@shorten@start@additional=\dimen304
) (/usr/local/texlive/2024/texmf-dist/tex/generic/pgf/basiclayer/pgfcorescopes.code.tex
File: pgfcorescopes.code.tex 2023-01-15 v3.1.10 (3.1.10)
\pgfpic=\box70
\pgf@hbox=\box71
\pgf@layerbox@main=\box72
\pgf@picture@serial@count=\count349
) (/usr/local/texlive/2024/texmf-dist/tex/generic/pgf/basiclayer/pgfcoregraphicstate.code.tex
File: pgfcoregraphicstate.code.tex 2023-01-15 v3.1.10 (3.1.10)
\pgflinewidth=\dimen305
) (/usr/local/texlive/2024/texmf-dist/tex/generic/pgf/basiclayer/pgfcoretransformations.code.tex
File: pgfcoretransformations.code.tex 2023-01-15 v3.1.10 (3.1.10)
\pgf@pt@x=\dimen306
\pgf@pt@y=\dimen307
\pgf@pt@temp=\dimen308
) (/usr/local/texlive/2024/texmf-dist/tex/generic/pgf/basiclayer/pgfcorequick.code.tex
File: pgfcorequick.code.tex 2023-01-15 v3.1.10 (3.1.10)
) (/usr/local/texlive/2024/texmf-dist/tex/generic/pgf/basiclayer/pgfcoreobjects.code.tex
File: pgfcoreobjects.code.tex 2023-01-15 v3.1.10 (3.1.10)
) (/usr/local/texlive/2024/texmf-dist/tex/generic/pgf/basiclayer/pgfcorepathprocessing.code.tex
File: pgfcorepathprocessing.code.tex 2023-01-15 v3.1.10 (3.1.10)
) (/usr/local/texlive/2024/texmf-dist/tex/generic/pgf/basiclayer/pgfcorearrows.code.tex
File: pgfcorearrows.code.tex 2023-01-15 v3.1.10 (3.1.10)
\pgfarrowsep=\dimen309
) (/usr/local/texlive/2024/texmf-dist/tex/generic/pgf/basiclayer/pgfcoreshade.code.tex
File: pgfcoreshade.code.tex 2023-01-15 v3.1.10 (3.1.10)
\pgf@max=\dimen310
\pgf@sys@shading@range@num=\count350
\pgf@shadingcount=\count351
) (/usr/local/texlive/2024/texmf-dist/tex/generic/pgf/basiclayer/pgfcoreimage.code.tex
File: pgfcoreimage.code.tex 2023-01-15 v3.1.10 (3.1.10)
) (/usr/local/texlive/2024/texmf-dist/tex/generic/pgf/basiclayer/pgfcoreexternal.code.tex
File: pgfcoreexternal.code.tex 2023-01-15 v3.1.10 (3.1.10)
\pgfexternal@startupbox=\box73
) (/usr/local/texlive/2024/texmf-dist/tex/generic/pgf/basiclayer/pgfcorelayers.code.tex
File: pgfcorelayers.code.tex 2023-01-15 v3.1.10 (3.1.10)
) (/usr/local/texlive/2024/texmf-dist/tex/generic/pgf/basiclayer/pgfcoretransparency.code.tex
File: pgfcoretransparency.code.tex 2023-01-15 v3.1.10 (3.1.10)
) (/usr/local/texlive/2024/texmf-dist/tex/generic/pgf/basiclayer/pgfcorepatterns.code.tex
File: pgfcorepatterns.code.tex 2023-01-15 v3.1.10 (3.1.10)
) (/usr/local/texlive/2024/texmf-dist/tex/generic/pgf/basiclayer/pgfcorerdf.code.tex
File: pgfcorerdf.code.tex 2023-01-15 v3.1.10 (3.1.10)
))) (/usr/local/texlive/2024/texmf-dist/tex/generic/pgf/modules/pgfmoduleshapes.code.tex
File: pgfmoduleshapes.code.tex 2023-01-15 v3.1.10 (3.1.10)
\pgfnodeparttextbox=\box74
) (/usr/local/texlive/2024/texmf-dist/tex/generic/pgf/modules/pgfmoduleplot.code.tex
File: pgfmoduleplot.code.tex 2023-01-15 v3.1.10 (3.1.10)
) (/usr/local/texlive/2024/texmf-dist/tex/latex/pgf/compatibility/pgfcomp-version-0-65.sty
Package: pgfcomp-version-0-65 2023-01-15 v3.1.10 (3.1.10)
\pgf@nodesepstart=\dimen311
\pgf@nodesepend=\dimen312
) (/usr/local/texlive/2024/texmf-dist/tex/latex/pgf/compatibility/pgfcomp-version-1-18.sty
Package: pgfcomp-version-1-18 2023-01-15 v3.1.10 (3.1.10)
)) (/usr/local/texlive/2024/texmf-dist/tex/latex/pgf/utilities/pgffor.sty (/usr/local/texlive/2024/texmf-dist/tex/latex/pgf/utilities/pgfkeys.sty (/usr/local/texlive/2024/texmf-dist/tex/generic/pgf/utilities/pgfkeys.code.tex)) (/usr/local/texlive/2024/texmf-dist/tex/latex/pgf/math/pgfmath.sty (/usr/local/texlive/2024/texmf-dist/tex/generic/pgf/math/pgfmath.code.tex)) (/usr/local/texlive/2024/texmf-dist/tex/generic/pgf/utilities/pgffor.code.tex
Package: pgffor 2023-01-15 v3.1.10 (3.1.10)
\pgffor@iter=\dimen313
\pgffor@skip=\dimen314
\pgffor@stack=\toks40
\pgffor@toks=\toks41
)) (/usr/local/texlive/2024/texmf-dist/tex/generic/pgf/frontendlayer/tikz/tikz.code.tex
Package: tikz 2023-01-15 v3.1.10 (3.1.10)
 (/usr/local/texlive/2024/texmf-dist/tex/generic/pgf/libraries/pgflibraryplothandlers.code.tex
File: pgflibraryplothandlers.code.tex 2023-01-15 v3.1.10 (3.1.10)
\pgf@plot@mark@count=\count352
\pgfplotmarksize=\dimen315
)
\tikz@lastx=\dimen316
\tikz@lasty=\dimen317
\tikz@lastxsaved=\dimen318
\tikz@lastysaved=\dimen319
\tikz@lastmovetox=\dimen320
\tikz@lastmovetoy=\dimen321
\tikzleveldistance=\dimen322
\tikzsiblingdistance=\dimen323
\tikz@figbox=\box75
\tikz@figbox@bg=\box76
\tikz@tempbox=\box77
\tikz@tempbox@bg=\box78
\tikztreelevel=\count353
\tikznumberofchildren=\count354
\tikznumberofcurrentchild=\count355
\tikz@fig@count=\count356
 (/usr/local/texlive/2024/texmf-dist/tex/generic/pgf/modules/pgfmodulematrix.code.tex
File: pgfmodulematrix.code.tex 2023-01-15 v3.1.10 (3.1.10)
\pgfmatrixcurrentrow=\count357
\pgfmatrixcurrentcolumn=\count358
\pgf@matrix@numberofcolumns=\count359
)
\tikz@expandcount=\count360
 (/usr/local/texlive/2024/texmf-dist/tex/generic/pgf/frontendlayer/tikz/libraries/tikzlibrarytopaths.code.tex
File: tikzlibrarytopaths.code.tex 2023-01-15 v3.1.10 (3.1.10)
))) (/usr/local/texlive/2024/texmf-dist/tex/generic/pgf/frontendlayer/tikz/libraries/tikzlibrarycalc.code.tex
File: tikzlibrarycalc.code.tex 2023-01-15 v3.1.10 (3.1.10)
) (/usr/local/texlive/2024/texmf-dist/tex/latex/titlesec/titlesec.sty
Package: titlesec 2023/10/27 v2.16 Sectioning titles
\ttl@box=\box79
\beforetitleunit=\skip83
\aftertitleunit=\skip84
\ttl@plus=\dimen324
\ttl@minus=\dimen325
\ttl@toksa=\toks42
\titlewidth=\dimen326
\titlewidthlast=\dimen327
\titlewidthfirst=\dimen328
) (/usr/local/texlive/2024/texmf-dist/tex/latex/psnfss/times.sty
Package: times 2020/03/25 PSNFSS-v9.3 (SPQR) 
) (/usr/local/texlive/2024/texmf-dist/tex/latex/wasysym/wasysym.sty
Package: wasysym 2020/01/19 v2.4 Wasy-2 symbol support package
\symwasy=\mathgroup9
LaTeX Font Info:    Overwriting symbol font `wasy' in version `bold'
(Font)                  U/wasy/m/n --> U/wasy/b/n on input line 93.
) (/usr/local/texlive/2024/texmf-dist/tex/latex/psnfss/pifont.sty
Package: pifont 2020/03/25 PSNFSS-v9.3 Pi font support (SPQR) 
LaTeX Font Info:    Trying to load font information for U+pzd on input line 63.
 (/usr/local/texlive/2024/texmf-dist/tex/latex/psnfss/upzd.fd
File: upzd.fd 2001/06/04 font definitions for U/pzd.
)
LaTeX Font Info:    Trying to load font information for U+psy on input line 64.
 (/usr/local/texlive/2024/texmf-dist/tex/latex/psnfss/upsy.fd
File: upsy.fd 2001/06/04 font definitions for U/psy.
)) (/usr/local/texlive/2024/texmf-dist/tex/latex/ccaption/ccaption.sty
Package: ccaption 2011/08/07 v3.2c Extended captioning and new floats
\@contcwidth=\skip85
\@contindw=\skip86
\abovelegendskip=\skip87
\belowlegendskip=\skip88
\c@newflo@tctr=\count361
) (/usr/local/texlive/2024/texmf-dist/tex/latex/float/float.sty
Package: float 2001/11/08 v1.3d Float enhancements (AL)
\c@float@type=\count362
\float@exts=\toks43
\float@box=\box80
\@float@everytoks=\toks44
\@floatcapt=\box81
) (/usr/local/texlive/2024/texmf-dist/tex/latex/tools/calc.sty
Package: calc 2023/07/08 v4.3 Infix arithmetic (KKT,FJ)
\calc@Acount=\count363
\calc@Bcount=\count364
\calc@Adimen=\dimen329
\calc@Bdimen=\dimen330
\calc@Askip=\skip89
\calc@Bskip=\skip90
LaTeX Info: Redefining \setlength on input line 80.
LaTeX Info: Redefining \addtolength on input line 81.
\calc@Ccount=\count365
\calc@Cskip=\skip91
) (/usr/local/texlive/2024/texmf-dist/tex/latex/environ/environ.sty
Package: environ 2014/05/04 v0.3 A new way to define environments
 (/usr/local/texlive/2024/texmf-dist/tex/latex/trimspaces/trimspaces.sty
Package: trimspaces 2009/09/17 v1.1 Trim spaces around a token list
)) (/usr/local/texlive/2024/texmf-dist/tex/latex/lm/lmodern.sty
Package: lmodern 2015/05/01 v1.6.1 Latin Modern Fonts
LaTeX Font Info:    Overwriting symbol font `operators' in version `normal'
(Font)                  OT1/cmr/m/n --> OT1/lmr/m/n on input line 22.
LaTeX Font Info:    Overwriting symbol font `letters' in version `normal'
(Font)                  OML/cmm/m/it --> OML/lmm/m/it on input line 23.
LaTeX Font Info:    Overwriting symbol font `symbols' in version `normal'
(Font)                  OMS/cmsy/m/n --> OMS/lmsy/m/n on input line 24.
LaTeX Font Info:    Overwriting symbol font `largesymbols' in version `normal'
(Font)                  OMX/cmex/m/n --> OMX/lmex/m/n on input line 25.
LaTeX Font Info:    Overwriting symbol font `operators' in version `bold'
(Font)                  OT1/cmr/bx/n --> OT1/lmr/bx/n on input line 26.
LaTeX Font Info:    Overwriting symbol font `letters' in version `bold'
(Font)                  OML/cmm/b/it --> OML/lmm/b/it on input line 27.
LaTeX Font Info:    Overwriting symbol font `symbols' in version `bold'
(Font)                  OMS/cmsy/b/n --> OMS/lmsy/b/n on input line 28.
LaTeX Font Info:    Overwriting symbol font `largesymbols' in version `bold'
(Font)                  OMX/cmex/m/n --> OMX/lmex/m/n on input line 29.
LaTeX Font Info:    Overwriting math alphabet `\mathbf' in version `normal'
(Font)                  OT1/cmr/bx/n --> OT1/lmr/bx/n on input line 31.
LaTeX Font Info:    Overwriting math alphabet `\mathsf' in version `normal'
(Font)                  OT1/cmss/m/n --> OT1/lmss/m/n on input line 32.
LaTeX Font Info:    Overwriting math alphabet `\mathit' in version `normal'
(Font)                  OT1/cmr/m/it --> OT1/lmr/m/it on input line 33.
LaTeX Font Info:    Overwriting math alphabet `\mathtt' in version `normal'
(Font)                  OT1/cmtt/m/n --> OT1/lmtt/m/n on input line 34.
LaTeX Font Info:    Overwriting math alphabet `\mathbf' in version `bold'
(Font)                  OT1/cmr/bx/n --> OT1/lmr/bx/n on input line 35.
LaTeX Font Info:    Overwriting math alphabet `\mathsf' in version `bold'
(Font)                  OT1/cmss/bx/n --> OT1/lmss/bx/n on input line 36.
LaTeX Font Info:    Overwriting math alphabet `\mathit' in version `bold'
(Font)                  OT1/cmr/bx/it --> OT1/lmr/bx/it on input line 37.
LaTeX Font Info:    Overwriting math alphabet `\mathtt' in version `bold'
(Font)                  OT1/cmtt/m/n --> OT1/lmtt/m/n on input line 38.
) (/usr/local/texlive/2024/texmf-dist/tex/latex/unicode-math/unicode-math.sty
Package: unicode-math 2023/08/13 v0.8r Unicode maths in XeLaTeX and LuaLaTeX
 (/usr/local/texlive/2024/texmf-dist/tex/latex/unicode-math/unicode-math-xetex.sty
Package: unicode-math-xetex 2023/08/13 v0.8r Unicode maths in XeLaTeX and LuaLaTeX
 (/usr/local/texlive/2024/texmf-dist/tex/latex/l3packages/l3keys2e/l3keys2e.sty
Package: l3keys2e 2024-02-18 LaTeX2e option processing using LaTeX3 keys
)
\g__um_fam_int=\count366
\g__um_fonts_used_int=\count367
\l__um_primecount_int=\count368
\g__um_primekern_muskip=\muskip19
 (/usr/local/texlive/2024/texmf-dist/tex/latex/unicode-math/unicode-math-table.tex))) (/usr/local/texlive/2024/texmf-dist/tex/latex/gbt7714/gbt7714.sty
Package: gbt7714 2022/10/03 v2.1.5 GB/T 7714 BibTeX Style
 (/usr/local/texlive/2024/texmf-dist/tex/latex/natbib/natbib.sty
Package: natbib 2010/09/13 8.31b (PWD, AO)
\bibhang=\skip92
\bibsep=\skip93
LaTeX Info: Redefining \cite on input line 694.
\c@NAT@ctr=\count369
)) (/usr/local/texlive/2024/texmf-dist/tex/latex/anyfontsize/anyfontsize.sty
Invalid UTF-8 byte or sequence at line 3 replaced by U+FFFD.
Invalid UTF-8 byte or sequence at line 3 replaced by U+FFFD.
Package: anyfontsize 2007/11/22 anyfontsize.sty by pts
) (/usr/local/texlive/2024/texmf-dist/tex/latex/tabu/tabu.sty
Package: tabu 2019/01/11 v2.9 - flexible LaTeX tabulars (FC+tabu-fixed)
 (/usr/local/texlive/2024/texmf-dist/tex/latex/varwidth/varwidth.sty
Package: varwidth 2009/03/30 ver 0.92;  Variable-width minipages
\@vwid@box=\box82
\sift@deathcycles=\count370
\@vwid@loff=\dimen331
\@vwid@roff=\dimen332
)
\c@taburow=\count371
\tabu@nbcols=\count372
\tabu@cnt=\count373
\tabu@Xcol=\count374
\tabu@alloc=\count375
\tabu@nested=\count376
\tabu@target=\dimen333
\tabu@spreadtarget=\dimen334
\tabu@naturalX=\dimen335
\tabucolX=\dimen336
\tabu@Xsum=\dimen337
\extrarowdepth=\dimen338
\abovetabulinesep=\dimen339
\belowtabulinesep=\dimen340
\tabustrutrule=\dimen341
\tabu@thebody=\toks45
\tabu@footnotes=\toks46
\tabu@box=\box83
\tabu@arstrutbox=\box84
\tabu@hleads=\box85
\tabu@vleads=\box86
\tabu@cellskip=\skip94
) (/usr/local/texlive/2024/texmf-dist/tex/latex/tools/longtable.sty
Package: longtable 2023-11-01 v4.19 Multi-page Table package (DPC)
\LTleft=\skip95
\LTright=\skip96
\LTpre=\skip97
\LTpost=\skip98
\LTchunksize=\count377
\LTcapwidth=\dimen342
\LT@head=\box87
\LT@firsthead=\box88
\LT@foot=\box89
\LT@lastfoot=\box90
\LT@gbox=\box91
\LT@cols=\count378
\LT@rows=\count379
\c@LT@tables=\count380
\c@LT@chunks=\count381
\LT@p@ftn=\toks47
) (/usr/local/texlive/2024/texmf-dist/tex/latex/makecell/makecell.sty
Package: makecell 2009/08/03 V0.1e Managing of Tab Column Heads and Cells
\rotheadsize=\dimen343
\c@nlinenum=\count382
\TeXr@lab=\toks48
) (/usr/local/texlive/2024/texmf-dist/tex/latex/algorithms/algorithm.sty
Invalid UTF-8 byte or sequence at line 11 replaced by U+FFFD.
Package: algorithm 2009/08/24 v0.1 Document Style `algorithm' - floating environment
 (/usr/local/texlive/2024/texmf-dist/tex/latex/base/ifthen.sty
Package: ifthen 2022/04/13 v1.1d Standard LaTeX ifthen package (DPC)
)
\@float@every@algorithm=\toks49
\c@algorithm=\count383
) (/usr/local/texlive/2024/texmf-dist/tex/latex/tools/tabularx.sty
Package: tabularx 2023/07/08 v2.11c `tabularx' package (DPC)
\TX@col@width=\dimen344
\TX@old@table=\dimen345
\TX@old@col=\dimen346
\TX@target=\dimen347
\TX@delta=\dimen348
\TX@cols=\count384
\TX@ftn=\toks50
)

Package fontspec Info: Font family 'TimesNewRoman(0)' created for font 'Times
(fontspec)             New Roman' with options [Ligatures=TeX].
(fontspec)              
(fontspec)              This font family consists of the following NFSS
(fontspec)             series/shapes:
(fontspec)              
(fontspec)             - 'normal' (m/n) with NFSS spec.: <->"Times New
(fontspec)             Roman/OT:script=latn;language=dflt;mapping=tex-text;"
(fontspec)             - 'small caps'  (m/sc) with NFSS spec.: 
(fontspec)             - 'bold' (b/n) with NFSS spec.: <->"Times New
(fontspec)             Roman/B/OT:script=latn;language=dflt;mapping=tex-text;"
(fontspec)             - 'bold small caps'  (b/sc) with NFSS spec.: 
(fontspec)             - 'italic' (m/it) with NFSS spec.: <->"Times New
(fontspec)             Roman/I/OT:script=latn;language=dflt;mapping=tex-text;"
(fontspec)             - 'italic small caps'  (m/scit) with NFSS spec.: 
(fontspec)             - 'bold italic' (b/it) with NFSS spec.: <->"Times New
(fontspec)             Roman/BI/OT:script=latn;language=dflt;mapping=tex-text;"
(fontspec)             - 'bold italic small caps'  (b/scit) with NFSS spec.: 


Package fontspec Info: Font family 'TimesNewRoman(1)' created for font 'Times
(fontspec)             New Roman' with options [].
(fontspec)              
(fontspec)              This font family consists of the following NFSS
(fontspec)             series/shapes:
(fontspec)              
(fontspec)             - 'normal' (m/n) with NFSS spec.: <->"Times New
(fontspec)             Roman/OT:script=latn;language=dflt;"
(fontspec)             - 'small caps'  (m/sc) with NFSS spec.: 
(fontspec)             - 'bold' (b/n) with NFSS spec.: <->"Times New
(fontspec)             Roman/B/OT:script=latn;language=dflt;"
(fontspec)             - 'bold small caps'  (b/sc) with NFSS spec.: 
(fontspec)             - 'italic' (m/it) with NFSS spec.: <->"Times New
(fontspec)             Roman/I/OT:script=latn;language=dflt;"
(fontspec)             - 'italic small caps'  (m/scit) with NFSS spec.: 
(fontspec)             - 'bold italic' (b/it) with NFSS spec.: <->"Times New
(fontspec)             Roman/BI/OT:script=latn;language=dflt;"
(fontspec)             - 'bold italic small caps'  (b/scit) with NFSS spec.: 

LaTeX Font Info:    Overwriting math alphabet `\mathrm' in version `normal'
(Font)                  OT1/lmr/m/n --> TU/TimesNewRoman(1)/m/n on input line 52.
LaTeX Font Info:    Overwriting math alphabet `\mathit' in version `normal'
(Font)                  OT1/lmr/m/it --> TU/TimesNewRoman(1)/m/it on input line 52.
LaTeX Font Info:    Overwriting math alphabet `\mathbf' in version `normal'
(Font)                  OT1/lmr/bx/n --> TU/TimesNewRoman(1)/b/n on input line 52.
LaTeX Info: Redefining \ttfamily on input line 71.
 (/usr/local/texlive/2024/texmf-dist/tex/latex/lettrine/lettrine.sty
File: lettrine.sty 2024-01-20 v2.60 (Daniel Flipo)
 (/usr/local/texlive/2024/texmf-dist/tex/latex/l3packages/xfp/xfp.sty
Package: xfp 2024-02-18 L3 Floating point unit
)
\c@DefaultLines=\count385
\c@DefaultDepth=\count386
\DefaultFindent=\dimen349
\DefaultNindent=\dimen350
\DefaultSlope=\dimen351
\DiscardVskip=\dimen352
\L@lettrine=\box92
\L@lbox=\box93
\L@tbox=\box94
\c@L@lines=\count387
\c@L@depth=\count388
\L@Pindent=\dimen353
\L@Findent=\dimen354
\L@Nindent=\dimen355
\L@lraise=\dimen356
\L@first=\dimen357
\L@next=\dimen358
\L@slope=\dimen359
\L@height=\dimen360
\L@novskip=\dimen361
\L@ruleht=\dimen362
\L@target@ht=\dimen363
\L@target@dp=\dimen364
\L@target@tht=\dimen365
\LettrineWidth=\dimen366
\LettrineHeight=\dimen367
\LettrineDepth=\dimen368

Loading lettrine.cfg
(/usr/local/texlive/2024/texmf-dist/tex/latex/lettrine/lettrine.cfg)
\Llist@everypar=\toks51
) (/usr/local/texlive/2024/texmf-dist/tex/latex/geometry/geometry.sty
Package: geometry 2020/01/02 v5.9 Page Geometry
 (/usr/local/texlive/2024/texmf-dist/tex/generic/iftex/ifvtex.sty
Package: ifvtex 2019/10/25 v1.7 ifvtex legacy package. Use iftex instead.
)
\Gm@cnth=\count389
\Gm@cntv=\count390
\c@Gm@tempcnt=\count391
\Gm@bindingoffset=\dimen369
\Gm@wd@mp=\dimen370
\Gm@odd@mp=\dimen371
\Gm@even@mp=\dimen372
\Gm@layoutwidth=\dimen373
\Gm@layoutheight=\dimen374
\Gm@layouthoffset=\dimen375
\Gm@layoutvoffset=\dimen376
\Gm@dimlist=\toks52
)
*geometry* verbose mode - [ newgeometry ] result:
* driver: 
* paper: <default>
* layout: <same size as paper>
* layoutoffset:(h,v)=(0.0pt,0.0pt)
* modes: 
* h-part:(L,W,R)=(71.13188pt, 455.24411pt, 71.13188pt)
* v-part:(T,H,B)=(71.13188pt, 702.78308pt, 71.13188pt)
* \paperwidth=597.50787pt
* \paperheight=845.04684pt
* \textwidth=455.24411pt
* \textheight=702.78308pt
* \oddsidemargin=-1.1381pt
* \evensidemargin=-1.1381pt
* \topmargin=-43.81721pt
* \headheight=28.45274pt
* \headsep=14.22636pt
* \topskip=10.0pt
* \footskip=28.45274pt
* \marginparwidth=57.0pt
* \marginparsep=11.0pt
* \columnsep=10.0pt
* \skip\footins=9.0pt plus 4.0pt minus 2.0pt
* \hoffset=0.0pt
* \voffset=-11.38109pt
* \mag=1000
* \@twocolumnfalse
* \@twosidefalse
* \@mparswitchfalse
* \@reversemarginfalse
* (1in=72.27pt=25.4mm, 1cm=28.453pt)



Package fancyhdr Warning: \fancyhead's `E' option without twoside option is useless.
(fancyhdr)                Please consider using the `twoside' option on input line 228.


Package fancyhdr Warning: \fancyhead's `E' option without twoside option is useless.
(fancyhdr)                Please consider using the `twoside' option on input line 229.

)
Package translations Info: No language package found. I am going to use `english' as default language. on input line 3.
 (./TempExample.aux)
\openout1 = `TempExample.aux'.

LaTeX Font Info:    Checking defaults for OML/cmm/m/it on input line 3.
LaTeX Font Info:    ... okay on input line 3.
LaTeX Font Info:    Checking defaults for OMS/cmsy/m/n on input line 3.
LaTeX Font Info:    ... okay on input line 3.
LaTeX Font Info:    Checking defaults for OT1/cmr/m/n on input line 3.
LaTeX Font Info:    ... okay on input line 3.
LaTeX Font Info:    Checking defaults for T1/cmr/m/n on input line 3.
LaTeX Font Info:    ... okay on input line 3.
LaTeX Font Info:    Checking defaults for TS1/cmr/m/n on input line 3.
LaTeX Font Info:    ... okay on input line 3.
LaTeX Font Info:    Checking defaults for TU/lmr/m/n on input line 3.
LaTeX Font Info:    ... okay on input line 3.
LaTeX Font Info:    Checking defaults for OMX/cmex/m/n on input line 3.
LaTeX Font Info:    ... okay on input line 3.
LaTeX Font Info:    Checking defaults for U/cmr/m/n on input line 3.
LaTeX Font Info:    ... okay on input line 3.
LaTeX Font Info:    Checking defaults for PD1/pdf/m/n on input line 3.
LaTeX Font Info:    ... okay on input line 3.
LaTeX Font Info:    Checking defaults for PU/pdf/m/n on input line 3.
LaTeX Font Info:    ... okay on input line 3.
Package backref Info: ** backref set up for natbib ** on input line 3.
Package hyperref Info: Link coloring OFF on input line 3.
 (./TempExample.out) (./TempExample.out)
\@outlinefile=\write4
\openout4 = `TempExample.out'.

Package caption Info: Begin \AtBeginDocument code.
Package caption Info: float package is loaded.
Package caption Info: longtable package is loaded.
 (/usr/local/texlive/2024/texmf-dist/tex/latex/caption/ltcaption.sty
Package: ltcaption 2021/01/08 v1.4c longtable captions (AR)
)
Package caption Info: End \AtBeginDocument code.
 (/usr/local/texlive/2024/texmf-dist/tex/latex/translations/translations-basic-dictionary-english.trsl
File: translations-basic-dictionary-english.trsl (english translation file `translations-basic-dictionary')
)
Package translations Info: loading dictionary `translations-basic-dictionary' for `english'. on input line 3.
LaTeX Font Info:    Overwriting math alphabet `\mathsf' in version `normal'
(Font)                  OT1/lmss/m/n --> TU/lmss/m/n on input line 3.
LaTeX Font Info:    Overwriting math alphabet `\mathsf' in version `bold'
(Font)                  OT1/lmss/bx/n --> TU/lmss/b/n on input line 3.
LaTeX Font Info:    Overwriting math alphabet `\mathtt' in version `normal'
(Font)                  OT1/lmtt/m/n --> TU/lmtt/m/n on input line 3.
LaTeX Font Info:    Overwriting math alphabet `\mathtt' in version `bold'
(Font)                  OT1/lmtt/m/n --> TU/lmtt/b/n on input line 3.

Package fontspec Info: Font family 'latinmodern-math.otf(0)' created for font
(fontspec)             'latinmodern-math.otf' with options
(fontspec)             [BoldItalicFont={},ItalicFont={},SmallCapsFont={},Script=Math,BoldFont={latinmodern-math.otf}].
(fontspec)              
(fontspec)              This font family consists of the following NFSS
(fontspec)             series/shapes:
(fontspec)              
(fontspec)             - 'normal' (m/n) with NFSS spec.:
(fontspec)             <->"[latinmodern-math.otf]/OT:script=math;language=dflt;"
(fontspec)             - 'small caps'  (m/sc) with NFSS spec.: 
(fontspec)             - 'bold' (b/n) with NFSS spec.:
(fontspec)             <->"[latinmodern-math.otf]/OT:script=math;language=dflt;"
(fontspec)             - 'bold small caps'  (b/sc) with NFSS spec.: 


Package fontspec Info: Font family 'latinmodern-math.otf(1)' created for font
(fontspec)             'latinmodern-math.otf' with options
(fontspec)             [BoldItalicFont={},ItalicFont={},SmallCapsFont={},Script=Math,SizeFeatures={{Size=8.9584645-},{Size=6.323622-8.9584645,Font=latinmodern-math.otf,Style=MathScript},{Size=-6.323622,Font=latinmodern-math.otf,Style=MathScriptScript}},BoldFont={latinmodern-math.otf}].
(fontspec)              
(fontspec)              This font family consists of the following NFSS
(fontspec)             series/shapes:
(fontspec)              
(fontspec)             - 'normal' (m/n) with NFSS spec.:
(fontspec)             <8.9584645->"[latinmodern-math.otf]/OT:script=math;language=dflt;"<6.323622-8.9584645>"[latinmodern-math.otf]/OT:script=math;language=dflt;+ssty=0;"<-6.323622>"[latinmodern-math.otf]/OT:script=math;language=dflt;+ssty=1;"
(fontspec)             - 'small caps'  (m/sc) with NFSS spec.: 
(fontspec)             - 'bold' (b/n) with NFSS spec.:
(fontspec)             <->"[latinmodern-math.otf]/OT:script=math;language=dflt;"
(fontspec)             - 'bold small caps'  (b/sc) with NFSS spec.: 

LaTeX Font Info:    Encoding `OT1' has changed to `TU' for symbol font
(Font)              `operators' in the math version `normal' on input line 3.
LaTeX Font Info:    Overwriting symbol font `operators' in version `normal'
(Font)                  OT1/lmr/m/n --> TU/latinmodern-math.otf(1)/m/n on input line 3.
LaTeX Font Info:    Encoding `OT1' has changed to `TU' for symbol font
(Font)              `operators' in the math version `bold' on input line 3.
LaTeX Font Info:    Overwriting symbol font `operators' in version `bold'
(Font)                  OT1/lmr/bx/n --> TU/latinmodern-math.otf(1)/b/n on input line 3.

Package fontspec Info: latinmodern-math scale = 1.0001.


Package fontspec Info: latinmodern-math scale = 1.0001.


Package fontspec Info: latinmodern-math scale = 1.0001.


Package fontspec Info: latinmodern-math scale = 1.0001.


Package fontspec Info: latinmodern-math scale = 1.0001.


Package fontspec Info: Font family 'latinmodern-math.otf(2)' created for font
(fontspec)             'latinmodern-math.otf' with options
(fontspec)             [BoldItalicFont={},ItalicFont={},SmallCapsFont={},Script=Math,SizeFeatures={{Size=8.9584645-},{Size=6.323622-8.9584645,Font=latinmodern-math.otf,Style=MathScript},{Size=-6.323622,Font=latinmodern-math.otf,Style=MathScriptScript}},BoldFont={latinmodern-math.otf},ScaleAgain=1.0001,FontAdjustment={\fontdimen
(fontspec)             8\font =7.13515pt\relax \fontdimen 9\font
(fontspec)             =4.15251pt\relax \fontdimen 10\font =4.67947pt\relax
(fontspec)             \fontdimen 11\font =7.23001pt\relax \fontdimen 12\font
(fontspec)             =3.63608pt\relax \fontdimen 13\font =3.82579pt\relax
(fontspec)             \fontdimen 14\font =3.82579pt\relax \fontdimen 15\font
(fontspec)             =3.04588pt\relax \fontdimen 16\font =2.60323pt\relax
(fontspec)             \fontdimen 17\font =2.60323pt\relax \fontdimen 18\font
(fontspec)             =2.63484pt\relax \fontdimen 19\font =2.10788pt\relax
(fontspec)             \fontdimen 22\font =2.63484pt\relax \fontdimen 20\font
(fontspec)             =0pt\relax \fontdimen 21\font =0pt\relax }].
(fontspec)              
(fontspec)              This font family consists of the following NFSS
(fontspec)             series/shapes:
(fontspec)              
(fontspec)             - 'normal' (m/n) with NFSS spec.:
(fontspec)             <8.9584645->s*[1.0001]"[latinmodern-math.otf]/OT:script=math;language=dflt;"<6.323622-8.9584645>s*[1.0001]"[latinmodern-math.otf]/OT:script=math;language=dflt;+ssty=0;"<-6.323622>s*[1.0001]"[latinmodern-math.otf]/OT:script=math;language=dflt;+ssty=1;"
(fontspec)             - 'small caps'  (m/sc) with NFSS spec.: 
(fontspec)             and font adjustment code:
(fontspec)             \fontdimen 8\font =7.13515pt\relax \fontdimen 9\font
(fontspec)             =4.15251pt\relax \fontdimen 10\font =4.67947pt\relax
(fontspec)             \fontdimen 11\font =7.23001pt\relax \fontdimen 12\font
(fontspec)             =3.63608pt\relax \fontdimen 13\font =3.82579pt\relax
(fontspec)             \fontdimen 14\font =3.82579pt\relax \fontdimen 15\font
(fontspec)             =3.04588pt\relax \fontdimen 16\font =2.60323pt\relax
(fontspec)             \fontdimen 17\font =2.60323pt\relax \fontdimen 18\font
(fontspec)             =2.63484pt\relax \fontdimen 19\font =2.10788pt\relax
(fontspec)             \fontdimen 22\font =2.63484pt\relax \fontdimen 20\font
(fontspec)             =0pt\relax \fontdimen 21\font =0pt\relax 
(fontspec)             - 'bold' (b/n) with NFSS spec.:
(fontspec)             <->s*[1.0001]"[latinmodern-math.otf]/OT:script=math;language=dflt;"
(fontspec)             - 'bold small caps'  (b/sc) with NFSS spec.: 
(fontspec)             and font adjustment code:
(fontspec)             \fontdimen 8\font =7.13515pt\relax \fontdimen 9\font
(fontspec)             =4.15251pt\relax \fontdimen 10\font =4.67947pt\relax
(fontspec)             \fontdimen 11\font =7.23001pt\relax \fontdimen 12\font
(fontspec)             =3.63608pt\relax \fontdimen 13\font =3.82579pt\relax
(fontspec)             \fontdimen 14\font =3.82579pt\relax \fontdimen 15\font
(fontspec)             =3.04588pt\relax \fontdimen 16\font =2.60323pt\relax
(fontspec)             \fontdimen 17\font =2.60323pt\relax \fontdimen 18\font
(fontspec)             =2.63484pt\relax \fontdimen 19\font =2.10788pt\relax
(fontspec)             \fontdimen 22\font =2.63484pt\relax \fontdimen 20\font
(fontspec)             =0pt\relax \fontdimen 21\font =0pt\relax 

LaTeX Font Info:    Encoding `OMS' has changed to `TU' for symbol font
(Font)              `symbols' in the math version `normal' on input line 3.
LaTeX Font Info:    Overwriting symbol font `symbols' in version `normal'
(Font)                  OMS/lmsy/m/n --> TU/latinmodern-math.otf(2)/m/n on input line 3.
LaTeX Font Info:    Encoding `OMS' has changed to `TU' for symbol font
(Font)              `symbols' in the math version `bold' on input line 3.
LaTeX Font Info:    Overwriting symbol font `symbols' in version `bold'
(Font)                  OMS/lmsy/b/n --> TU/latinmodern-math.otf(2)/b/n on input line 3.

Package fontspec Info: latinmodern-math scale = 0.9999.


Package fontspec Info: latinmodern-math scale = 0.9999.


Package fontspec Info: latinmodern-math scale = 0.9999.


Package fontspec Info: latinmodern-math scale = 0.9999.


Package fontspec Info: latinmodern-math scale = 0.9999.


Package fontspec Info: Font family 'latinmodern-math.otf(3)' created for font
(fontspec)             'latinmodern-math.otf' with options
(fontspec)             [BoldItalicFont={},ItalicFont={},SmallCapsFont={},Script=Math,SizeFeatures={{Size=8.9584645-},{Size=6.323622-8.9584645,Font=latinmodern-math.otf,Style=MathScript},{Size=-6.323622,Font=latinmodern-math.otf,Style=MathScriptScript}},BoldFont={latinmodern-math.otf},ScaleAgain=0.9999,FontAdjustment={\fontdimen
(fontspec)             8\font =0.42157pt\relax \fontdimen 9\font
(fontspec)             =2.10788pt\relax \fontdimen 10\font =1.76007pt\relax
(fontspec)             \fontdimen 11\font =1.16988pt\relax \fontdimen 12\font
(fontspec)             =6.32362pt\relax \fontdimen 13\font =0pt\relax }].
(fontspec)              
(fontspec)              This font family consists of the following NFSS
(fontspec)             series/shapes:
(fontspec)              
(fontspec)             - 'normal' (m/n) with NFSS spec.:
(fontspec)             <8.9584645->s*[0.9999]"[latinmodern-math.otf]/OT:script=math;language=dflt;"<6.323622-8.9584645>s*[0.9999]"[latinmodern-math.otf]/OT:script=math;language=dflt;+ssty=0;"<-6.323622>s*[0.9999]"[latinmodern-math.otf]/OT:script=math;language=dflt;+ssty=1;"
(fontspec)             - 'small caps'  (m/sc) with NFSS spec.: 
(fontspec)             and font adjustment code:
(fontspec)             \fontdimen 8\font =0.42157pt\relax \fontdimen 9\font
(fontspec)             =2.10788pt\relax \fontdimen 10\font =1.76007pt\relax
(fontspec)             \fontdimen 11\font =1.16988pt\relax \fontdimen 12\font
(fontspec)             =6.32362pt\relax \fontdimen 13\font =0pt\relax 
(fontspec)             - 'bold' (b/n) with NFSS spec.:
(fontspec)             <->s*[0.9999]"[latinmodern-math.otf]/OT:script=math;language=dflt;"
(fontspec)             - 'bold small caps'  (b/sc) with NFSS spec.: 
(fontspec)             and font adjustment code:
(fontspec)             \fontdimen 8\font =0.42157pt\relax \fontdimen 9\font
(fontspec)             =2.10788pt\relax \fontdimen 10\font =1.76007pt\relax
(fontspec)             \fontdimen 11\font =1.16988pt\relax \fontdimen 12\font
(fontspec)             =6.32362pt\relax \fontdimen 13\font =0pt\relax 

LaTeX Font Info:    Encoding `OMX' has changed to `TU' for symbol font
(Font)              `largesymbols' in the math version `normal' on input line 3.
LaTeX Font Info:    Overwriting symbol font `largesymbols' in version `normal'
(Font)                  OMX/lmex/m/n --> TU/latinmodern-math.otf(3)/m/n on input line 3.
LaTeX Font Info:    Encoding `OMX' has changed to `TU' for symbol font
(Font)              `largesymbols' in the math version `bold' on input line 3.
LaTeX Font Info:    Overwriting symbol font `largesymbols' in version `bold'
(Font)                  OMX/lmex/m/n --> TU/latinmodern-math.otf(3)/b/n on input line 3.

*geometry* driver: auto-detecting
*geometry* detected driver: xetex
*geometry* verbose mode - [ preamble ] result:
* driver: xetex
* paper: <default>
* layout: <same size as paper>
* layoutoffset:(h,v)=(0.0pt,0.0pt)
* modes: 
* h-part:(L,W,R)=(71.13188pt, 455.24411pt, 71.13188pt)
* v-part:(T,H,B)=(71.13188pt, 702.78308pt, 71.13188pt)
* \paperwidth=597.50787pt
* \paperheight=845.04684pt
* \textwidth=455.24411pt
* \textheight=702.78308pt
* \oddsidemargin=-1.1381pt
* \evensidemargin=-1.1381pt
* \topmargin=-43.81721pt
* \headheight=28.45274pt
* \headsep=14.22636pt
* \topskip=10.0pt
* \footskip=28.45274pt
* \marginparwidth=57.0pt
* \marginparsep=11.0pt
* \columnsep=28.45274pt
* \skip\footins=9.0pt plus 4.0pt minus 2.0pt
* \hoffset=0.0pt
* \voffset=-11.38109pt
* \mag=1000
* \@twocolumnfalse
* \@twosidefalse
* \@mparswitchfalse
* \@reversemarginfalse
* (1in=72.27pt=25.4mm, 1cm=28.453pt)

LaTeX Font Info:    Trying to load font information for OML+lmm on input line 20.
(/usr/local/texlive/2024/texmf-dist/tex/latex/lm/omllmm.fd
File: omllmm.fd 2015/05/01 v1.6.1 Font defs for Latin Modern
)
LaTeX Font Info:    Font shape `TU/latinmodern-math.otf(2)/m/n' will be
(Font)              scaled to size 12.04628pt on input line 20.
LaTeX Font Info:    Font shape `TU/latinmodern-math.otf(2)/m/n' will be
(Font)              scaled to size 8.00085pt on input line 20.
LaTeX Font Info:    Font shape `TU/latinmodern-math.otf(2)/m/n' will be
(Font)              scaled to size 6.00064pt on input line 20.
LaTeX Font Info:    Font shape `TU/latinmodern-math.otf(3)/m/n' will be
(Font)              scaled to size 12.0437pt on input line 20.
LaTeX Font Info:    Font shape `TU/latinmodern-math.otf(3)/m/n' will be
(Font)              scaled to size 7.99915pt on input line 20.
LaTeX Font Info:    Font shape `TU/latinmodern-math.otf(3)/m/n' will be
(Font)              scaled to size 5.99936pt on input line 20.
LaTeX Font Info:    Trying to load font information for U+msa on input line 20.
 (/usr/local/texlive/2024/texmf-dist/tex/latex/amsfonts/umsa.fd
File: umsa.fd 2013/01/14 v3.01 AMS symbols A
)
LaTeX Font Info:    Trying to load font information for U+msb on input line 20.
 (/usr/local/texlive/2024/texmf-dist/tex/latex/amsfonts/umsb.fd
File: umsb.fd 2013/01/14 v3.01 AMS symbols B
)
LaTeX Font Info:    Trying to load font information for U+wasy on input line 20.
 (/usr/local/texlive/2024/texmf-dist/tex/latex/wasysym/uwasy.fd
File: uwasy.fd 2020/01/19 v2.4 Wasy-2 symbol font definitions
)

Package fontspec Warning: Font "Kaiti SC" does not contain requested Script
(fontspec)                "CJK".


Package fontspec Info: Could not resolve font "Kaiti SC Bold/I" (it probably
(fontspec)             doesn't exist).


Package fontspec Info: Could not resolve font "Kaiti SC/BI" (it probably
(fontspec)             doesn't exist).


Package fontspec Info: Could not resolve font "Kaiti SC/I" (it probably
(fontspec)             doesn't exist).


Package fontspec Info: Font family 'KaitiSC(0)' created for font 'Kaiti SC'
(fontspec)             with options [Script={CJK},BoldFont={Kaiti SC Bold}].
(fontspec)              
(fontspec)              This font family consists of the following NFSS
(fontspec)             series/shapes:
(fontspec)              
(fontspec)             - 'normal' (m/n) with NFSS spec.: <->"Kaiti
(fontspec)             SC/OT:language=dflt;"
(fontspec)             - 'small caps'  (m/sc) with NFSS spec.: 
(fontspec)             - 'bold' (b/n) with NFSS spec.: <->"Kaiti SC
(fontspec)             Bold/OT:language=dflt;"
(fontspec)             - 'bold small caps'  (b/sc) with NFSS spec.: 

LaTeX Font Info:    Calculating math sizes for size <14> on input line 20.
LaTeX Font Info:    Font shape `TU/latinmodern-math.otf(2)/m/n' will be
(Font)              scaled to size 14.0015pt on input line 20.
LaTeX Font Info:    Font shape `TU/latinmodern-math.otf(2)/m/n' will be
(Font)              scaled to size 9.801pt on input line 20.
LaTeX Font Info:    Font shape `TU/latinmodern-math.otf(2)/m/n' will be
(Font)              scaled to size 7.00075pt on input line 20.
LaTeX Font Info:    Font shape `TU/latinmodern-math.otf(3)/m/n' will be
(Font)              scaled to size 13.9985pt on input line 20.
LaTeX Font Info:    Font shape `TU/latinmodern-math.otf(3)/m/n' will be
(Font)              scaled to size 9.7989pt on input line 20.
LaTeX Font Info:    Font shape `TU/latinmodern-math.otf(3)/m/n' will be
(Font)              scaled to size 6.99925pt on input line 20.
\somelength=\skip99

Package fontspec Warning: Font "Heiti SC Light" does not contain requested
(fontspec)                Script "CJK".


Package fontspec Info: Could not resolve font "Heiti SC Medium/I" (it probably
(fontspec)             doesn't exist).


Package fontspec Info: Could not resolve font "Heiti SC Light/I" (it probably
(fontspec)             doesn't exist).


Package fontspec Info: Font family 'HeitiSCLight(0)' created for font 'Heiti
(fontspec)             SC Light' with options [Script={CJK},BoldFont={Heiti SC
(fontspec)             Medium}].
(fontspec)              
(fontspec)              This font family consists of the following NFSS
(fontspec)             series/shapes:
(fontspec)              
(fontspec)             - 'normal' (m/n) with NFSS spec.: <->"Heiti SC
(fontspec)             Light/OT:language=dflt;"
(fontspec)             - 'small caps'  (m/sc) with NFSS spec.: 
(fontspec)             - 'bold' (b/n) with NFSS spec.: <->"Heiti SC
(fontspec)             Medium/OT:language=dflt;"
(fontspec)             - 'bold small caps'  (b/sc) with NFSS spec.: 
(fontspec)             - 'bold italic' (b/it) with NFSS spec.: <->"Heiti SC
(fontspec)             Light/BI/OT:language=dflt;"
(fontspec)             - 'bold italic small caps'  (b/scit) with NFSS spec.: 


Underfull \hbox (badness 10000) detected at line 24
|\TU/HeitiSCLight(0)/m/n/10.5  | 
 []

LaTeX Font Info:    Font shape `TU/latinmodern-math.otf(2)/m/n' will be
(Font)              scaled to size 10.54048pt on input line 24.
LaTeX Font Info:    Font shape `TU/latinmodern-math.otf(2)/m/n' will be
(Font)              scaled to size 7.37834pt on input line 24.
LaTeX Font Info:    Font shape `TU/latinmodern-math.otf(2)/m/n' will be
(Font)              scaled to size 5.27023pt on input line 24.
LaTeX Font Info:    Font shape `TU/latinmodern-math.otf(3)/m/n' will be
(Font)              scaled to size 10.53824pt on input line 24.
LaTeX Font Info:    Font shape `TU/latinmodern-math.otf(3)/m/n' will be
(Font)              scaled to size 7.37677pt on input line 24.
LaTeX Font Info:    Font shape `TU/latinmodern-math.otf(3)/m/n' will be
(Font)              scaled to size 5.26912pt on input line 24.

Package fancyhdr Warning: \headheight is too small (28.45274pt): 
(fancyhdr)                Make it at least 38.48032pt, for example:
(fancyhdr)                \setlength{\headheight}{38.48032pt}.
(fancyhdr)                You might also make \topmargin smaller to compensate:
(fancyhdr)                \addtolength{\topmargin}{-10.02757pt}.

[1



]
LaTeX Font Info:    Font shape `TU/latinmodern-math.otf(2)/m/n' will be
(Font)              scaled to size 10.00107pt on input line 51.
LaTeX Font Info:    Font shape `TU/latinmodern-math.otf(2)/m/n' will be
(Font)              scaled to size 6.80072pt on input line 51.
LaTeX Font Info:    Font shape `TU/latinmodern-math.otf(2)/m/n' will be
(Font)              scaled to size 4.20044pt on input line 51.
LaTeX Font Info:    Font shape `TU/latinmodern-math.otf(3)/m/n' will be
(Font)              scaled to size 9.99893pt on input line 51.
LaTeX Font Info:    Font shape `TU/latinmodern-math.otf(3)/m/n' will be
(Font)              scaled to size 6.79927pt on input line 51.
LaTeX Font Info:    Font shape `TU/latinmodern-math.otf(3)/m/n' will be
(Font)              scaled to size 4.19954pt on input line 51.
 [2] (/usr/local/texlive/2024/texmf-dist/tex/latex/lm/t1lmtt.fd)
Underfull \hbox (badness 10000) in paragraph at lines 96--96
[]|\T1/lmtt/m/n/10.53937 loanAmnt\TU/TimesNewRoman(0)/m/n/10.53937 , \T1/lmtt/m/n/10.53937 term\TU/TimesNewRoman(0)/m/n/10.53937 ,
 []


Underfull \hbox (badness 10000) in paragraph at lines 96--96
\T1/lmtt/m/n/10.53937 interestRate\TU/TimesNewRoman(0)/m/n/10.53937 ,
 []


Underfull \hbox (badness 10000) in paragraph at lines 96--96
\T1/lmtt/m/n/10.53937 installment\TU/TimesNewRoman(0)/m/n/10.53937 , \T1/lmtt/m/n/10.53937 grade\TU/TimesNewRoman(0)/m/n/10.53937 ,
 []


Underfull \hbox (badness 10000) in paragraph at lines 96--96
[]|\T1/lmtt/m/n/10.53937 employmentTitle\TU/TimesNewRoman(0)/m/n/10.53937 ,
 []


Underfull \hbox (badness 10000) in paragraph at lines 96--96
\T1/lmtt/m/n/10.53937 employmentLength\TU/TimesNewRoman(0)/m/n/10.53937 ,
 []


Underfull \hbox (badness 10000) in paragraph at lines 96--96
\T1/lmtt/m/n/10.53937 homeOwnership\TU/TimesNewRoman(0)/m/n/10.53937 ,
 []


Underfull \hbox (badness 10000) in paragraph at lines 96--96
\T1/lmtt/m/n/10.53937 annualIncome\TU/TimesNewRoman(0)/m/n/10.53937 ,
 []


Underfull \hbox (badness 10000) in paragraph at lines 96--96
[]|\T1/lmtt/m/n/10.53937 purpose\TU/TimesNewRoman(0)/m/n/10.53937 , \T1/lmtt/m/n/10.53937 title\TU/TimesNewRoman(0)/m/n/10.53937 ,
 []


Underfull \hbox (badness 10000) in paragraph at lines 96--96
\T1/lmtt/m/n/10.53937 initialListStatus\TU/TimesNewRoman(0)/m/n/10.53937 ,
 []


Underfull \hbox (badness 10000) in paragraph at lines 96--96
\T1/lmtt/m/n/10.53937 applicationType\TU/TimesNewRoman(0)/m/n/10.53937 ,
 []


Underfull \hbox (badness 10000) in paragraph at lines 96--96
[]|\T1/lmtt/m/n/10.53937 dti\TU/TimesNewRoman(0)/m/n/10.53937 ,
 []


Underfull \hbox (badness 10000) in paragraph at lines 96--96
\T1/lmtt/m/n/10.53937 delinquency_2years\TU/TimesNewRoman(0)/m/n/10.53937 ,
 []


Underfull \hbox (badness 10000) in paragraph at lines 96--96
\T1/lmtt/m/n/10.53937 ficoRangeLow\TU/TimesNewRoman(0)/m/n/10.53937 ,
 []


Underfull \hbox (badness 10000) in paragraph at lines 96--96
\T1/lmtt/m/n/10.53937 ficoRangeHigh\TU/TimesNewRoman(0)/m/n/10.53937 ,
 []


Underfull \hbox (badness 10000) in paragraph at lines 96--96
\T1/lmtt/m/n/10.53937 openAcc\TU/TimesNewRoman(0)/m/n/10.53937 , \T1/lmtt/m/n/10.53937 pubRec\TU/TimesNewRoman(0)/m/n/10.53937 ,
 []


Underfull \hbox (badness 10000) in paragraph at lines 96--96
\T1/lmtt/m/n/10.53937 pubRecBankruptcies\TU/TimesNewRoman(0)/m/n/10.53937 ,
 []


Underfull \hbox (badness 10000) in paragraph at lines 96--96
\T1/lmtt/m/n/10.53937 revolBal\TU/TimesNewRoman(0)/m/n/10.53937 , \T1/lmtt/m/n/10.53937 revolUtil\TU/TimesNewRoman(0)/m/n/10.53937 ,
 []


Underfull \hbox (badness 10000) in paragraph at lines 96--96
\T1/lmtt/m/n/10.53937 totalAcc\TU/TimesNewRoman(0)/m/n/10.53937 , \T1/lmtt/m/n/10.53937 issueDate\TU/TimesNewRoman(0)/m/n/10.53937 ,
 []

[3]
File: image/results/__results___files/__results___9_1.png Graphic file (type bmp)
<image/results/__results___files/__results___9_1.png>
 [4] [5]
Overfull \hbox (3.12463pt too wide) in paragraph at lines 160--162
\TU/SongtiSCLight(0)/m/n/10.5      |    \T1/lmtt/m/n/10.5 homeOwnership\TU/TimesNewRoman(0)/m/n/10.5 , \T1/lmtt/m/n/10.5 purpose\TU/TimesNewRoman(0)/m/n/10.5 , \T1/lmtt/m/n/10.5 regionCode\TU/TimesNewRoman(0)/m/n/10.5 , \T1/lmtt/m/n/10.5 postCode\TU/TimesNewRoman(0)/m/n/10.5 , \T1/lmtt/m/n/10.5 employmentTitle\TU/TimesNewRoman(0)/m/n/10.5 , \T1/lmtt/m/n/10.5 title
 []

File: image/results/images/major_Distribution.png Graphic file (type bmp)
<image/results/images/major_Distribution.png>
[6]
File: image/results/images/n-series.png Graphic file (type bmp)
<image/results/images/n-series.png>
 [7] [8] [9] [10] [11]
File: results/__results___files/__results___32_32.png Graphic file (type bmp)
<results/__results___files/__results___32_32.png>
 [12]
File: image/results/xgboost_optimization_history.png Graphic file (type bmp)
<image/results/xgboost_optimization_history.png>
File: image/results/xgboost_param_importance.png Graphic file (type bmp)
<image/results/xgboost_param_importance.png>
File: image/results/xgboost_contour_plot.png Graphic file (type bmp)
<image/results/xgboost_contour_plot.png>
File: image/results/xgboost_param_vs_target_slice.png Graphic file (type bmp)
<image/results/xgboost_param_vs_target_slice.png>
File: image/results/catboost_optimization_history.png Graphic file (type bmp)
<image/results/catboost_optimization_history.png>
File: image/results/catboost_param_importance.png Graphic file (type bmp)
<image/results/catboost_param_importance.png>
File: image/results/catboost_contour_plot.png Graphic file (type bmp)
<image/results/catboost_contour_plot.png>
File: image/results/catboost_param_vs_target_slice.png Graphic file (type bmp)
<image/results/catboost_param_vs_target_slice.png>
 [13]
Overfull \hbox (2.01866pt too wide) in paragraph at lines 446--447
\TU/SongtiSCLight(0)/m/n/10.5      |      \TU/TimesNewRoman(0)/m/n/10.5 (c) \TU/SongtiSCLight(0)/m/n/10.5     \TU/TimesNewRoman(0)/m/n/10.5 (d) \TU/SongtiSCLight(0)/m/n/10.5           |   \T1/lmtt/m/n/10.5 depth \TU/SongtiSCLight(0)/m/n/10.5  \TU/TimesNewRoman(0)/m/n/10.5 7-8 \TU/SongtiSCLight(0)/m/n/10.5  \T1/lmtt/m/n/10.5 learning_rate
 []

File: image/results/lightgbm_optimization_history.png Graphic file (type bmp)
<image/results/lightgbm_optimization_history.png>
File: image/results/lightgbm_param_importance.png Graphic file (type bmp)
<image/results/lightgbm_param_importance.png>
File: image/results/lightgbm_contour_plot.png Graphic file (type bmp)
<image/results/lightgbm_contour_plot.png>
File: image/results/lightgbm_param_vs_target_slice.png Graphic file (type bmp)
<image/results/lightgbm_param_vs_target_slice.png>
[14]
Overfull \hbox (30.42961pt too wide) in paragraph at lines 491--492
[]\TU/SongtiSCLight(0)/m/n/10.5      \TU/TimesNewRoman(0)/m/n/10.5 (b) \TU/SongtiSCLight(0)/m/n/10.5    | \T1/lmtt/m/n/10.5 num_leaves \TU/SongtiSCLight(0)/m/n/10.5             |         \T1/lmtt/m/n/10.5 learning_rate\TU/SongtiSCLight(0)/m/n/10.5 |
 []

[15] [16]
File: image/results/images/first.png Graphic file (type bmp)
<image/results/images/first.png>
 [17]
Overfull \hbox (28.67528pt too wide) in paragraph at lines 603--604
[]\TU/SongtiSCLight(0)/b/n/10.5        \TU/SongtiSCLight(0)/m/n/10.5 |                     |     \T1/lmtt/m/n/10.5 grade_annualIncome_std
 []


Overfull \hbox (49.11852pt too wide) in paragraph at lines 603--604
|\TU/SongtiSCLight(0)/m/n/10.5            | \T1/lmtt/m/n/10.5 grade_regionCode_ent |\TU/SongtiSCLight(0)/m/n/10.5            |   \T1/lmtt/m/n/10.5 subGrade_dti_mean
 []

[18] (./TempExample.bbl (./TempExample.brf)
\tf@brf=\write5
\openout5 = `TempExample.brf'.

) [19] (./TempExample.aux)
 ***********
LaTeX2e <2023-11-01> patch level 1
L3 programming layer <2022/07/14>
 ***********
Package rerunfilecheck Info: File `TempExample.out' has not changed.
(rerunfilecheck)             Checksum: E8809DE557E5C37D83616AD423082D5D;3143.
Package rerunfilecheck Info: File `TempExample.brf' has not changed.
(rerunfilecheck)             Checksum: B11846CA00DC967FBFE39F28593391B2;965.
 ) 
Here is how much of TeX's memory you used:
 39947 strings out of 474773
 877871 string characters out of 5757724
 1960839 words of memory out of 5000000
 61350 multiletter control sequences out of 15000+600000
 587895 words of font info for 244 fonts, out of 8000000 for 9000
 1348 hyphenation exceptions out of 8191
 107i,13n,114p,1281b,963s stack positions out of 10000i,1000n,20000p,200000b,200000s

Output written on TempExample.xdv (19 pages, 285500 bytes).
