\BOOKMARK [1][-]{section.1}{\376\377\137\025\000\040\000\040\212\000}{}% 1
\BOOKMARK [2][-]{subsection.1.1}{\376\377\170\024\172\166\200\314\146\157\116\016\141\017\116\111}{section.1}% 2
\BOOKMARK [2][-]{subsection.1.2}{\376\377\166\370\121\163\135\345\117\134\116\016\145\207\163\056\176\374\217\360}{section.1}% 3
\BOOKMARK [2][-]{subsection.1.3}{\376\377\147\054\145\207\116\073\211\201\135\345\117\134\116\016\215\041\163\056}{section.1}% 4
\BOOKMARK [1][-]{section.2}{\376\377\133\236\232\214\121\306\131\007}{}% 5
\BOOKMARK [2][-]{subsection.2.1}{\376\377\145\160\143\156\122\035\153\145\122\006\147\220\116\016\230\204\131\004\164\006}{section.2}% 6
\BOOKMARK [3][-]{subsubsection.2.1.1}{\376\377\145\160\143\156\226\306\151\202\211\310\116\016\123\330\221\317\211\343\147\220}{subsection.2.1}% 7
\BOOKMARK [2][-]{subsection.2.2}{\376\377\162\171\137\201\135\345\172\013}{section.2}% 8
\BOOKMARK [3][-]{subsubsection.2.2.1}{\376\377\127\372\170\100\210\115\165\037\162\171\137\201}{subsection.2.2}% 9
\BOOKMARK [3][-]{subsubsection.2.2.2}{\376\377\176\337\213\241\200\132\124\010\116\016\116\244\123\311\162\171\137\201}{subsection.2.2}% 10
\BOOKMARK [3][-]{subsubsection.2.2.3}{\376\377\123\357\211\343\221\312\140\047\162\171\137\201\147\204\220\040}{subsection.2.2}% 11
\BOOKMARK [1][-]{section.3}{\376\377\152\041\127\213\147\204\136\372\116\016\117\030\123\026}{}% 12
\BOOKMARK [2][-]{subsection.3.1}{\376\377\152\041\127\213\220\011\142\351}{section.3}% 13
\BOOKMARK [2][-]{subsection.3.2}{\376\377\162\171\137\201\220\011\142\351}{section.3}% 14
\BOOKMARK [2][-]{subsection.3.3}{\376\377\215\205\123\302\145\160\214\003\117\030}{section.3}% 15
\BOOKMARK [3][-]{subsubsection.3.3.1}{\376\377\000X\000G\000B\000o\000o\000s\000t\000\040\152\041\127\213\214\003\117\030\122\006\147\220}{subsection.3.3}% 16
\BOOKMARK [3][-]{subsubsection.3.3.2}{\376\377\000C\000a\000t\000B\000o\000o\000s\000t\000\040\152\041\127\213\214\003\117\030\122\006\147\220}{subsection.3.3}% 17
\BOOKMARK [3][-]{subsubsection.3.3.3}{\376\377\000L\000i\000g\000h\000t\000G\000B\000M\000\040\152\041\127\213\214\003\117\030\122\006\147\220}{subsection.3.3}% 18
\BOOKMARK [2][-]{subsection.3.4}{\376\377\152\041\127\213\207\215\124\010\000\040\000\050\000E\000n\000s\000e\000m\000b\000l\000i\000n\000g\000\051}{section.3}% 19
\BOOKMARK [3][-]{subsubsection.3.4.1}{\376\377\173\200\123\125\136\163\127\107\207\215\124\010\000\040\000\050\000S\000i\000m\000p\000l\000e\000\040\000A\000v\000e\000r\000a\000g\000i\000n\000g\000\051}{subsection.3.4}% 20
\BOOKMARK [3][-]{subsubsection.3.4.2}{\376\377\000S\000t\000a\000c\000k\000i\000n\000g\000\040\207\215\124\010}{subsection.3.4}% 21
\BOOKMARK [1][-]{section.4}{\376\377\133\236\232\214\176\323\147\234\116\016\122\006\147\220}{}% 22
\BOOKMARK [2][-]{subsection.4.1}{\376\377\133\236\232\214\213\276\177\156}{section.4}% 23
\BOOKMARK [2][-]{subsection.4.2}{\376\377\152\041\127\213\140\047\200\375\213\304\117\060}{section.4}% 24
\BOOKMARK [2][-]{subsection.4.3}{\376\377\162\171\137\201\221\315\211\201\140\047\122\006\147\220}{section.4}% 25
\BOOKMARK [1][-]{section.5}{\376\377\176\323\000\040\213\272}{}% 26
